{"timestamp":"2025-11-05T11:26:01.930745Z","level":"info","event":"DAG bundles loaded: dags-folder","logger":"airflow.dag_processing.bundles.manager.DagBundlesManager","filename":"manager.py","lineno":179}
{"timestamp":"2025-11-05T11:26:01.936605Z","level":"info","event":"Filling up the DagBag from /opt/airflow/dags/dbt_dag.py","logger":"airflow.models.dagbag.DagBag","filename":"dagbag.py","lineno":593}
{"timestamp":"2025-11-05T11:26:16.693901Z","level":"info","event":"Tmp dir root location: /tmp","logger":"airflow.task.hooks.airflow.providers.standard.hooks.subprocess.SubprocessHook","filename":"subprocess.py","lineno":78}
{"timestamp":"2025-11-05T11:26:16.702050Z","level":"info","event":"Running command: ['/usr/bin/bash', '-c', 'cd /opt/airflow/dbt && dbt seed --profiles-dir /opt/airflow/dbt']","logger":"airflow.task.hooks.airflow.providers.standard.hooks.subprocess.SubprocessHook","filename":"subprocess.py","lineno":88}
{"timestamp":"2025-11-05T11:26:16.719598Z","level":"info","event":"Output:","logger":"airflow.task.hooks.airflow.providers.standard.hooks.subprocess.SubprocessHook","filename":"subprocess.py","lineno":99}
{"timestamp":"2025-11-05T11:26:22.008259Z","level":"info","event":"\u001b[0m11:26:22  Running with dbt=1.10.13","logger":"airflow.task.hooks.airflow.providers.standard.hooks.subprocess.SubprocessHook","filename":"subprocess.py","lineno":106}
{"timestamp":"2025-11-05T11:26:22.552835Z","level":"info","event":"\u001b[0m11:26:22  Registered adapter: postgres=1.9.1","logger":"airflow.task.hooks.airflow.providers.standard.hooks.subprocess.SubprocessHook","filename":"subprocess.py","lineno":106}
{"timestamp":"2025-11-05T11:26:23.527442Z","level":"info","event":"\u001b[0m11:26:23  Found 1 model, 1 seed, 451 macros","logger":"airflow.task.hooks.airflow.providers.standard.hooks.subprocess.SubprocessHook","filename":"subprocess.py","lineno":106}
{"timestamp":"2025-11-05T11:26:23.551875Z","level":"info","event":"\u001b[0m11:26:23","logger":"airflow.task.hooks.airflow.providers.standard.hooks.subprocess.SubprocessHook","filename":"subprocess.py","lineno":106}
{"timestamp":"2025-11-05T11:26:23.554413Z","level":"info","event":"\u001b[0m11:26:23  Concurrency: 1 threads (target='dev')","logger":"airflow.task.hooks.airflow.providers.standard.hooks.subprocess.SubprocessHook","filename":"subprocess.py","lineno":106}
{"timestamp":"2025-11-05T11:26:23.557686Z","level":"info","event":"\u001b[0m11:26:23","logger":"airflow.task.hooks.airflow.providers.standard.hooks.subprocess.SubprocessHook","filename":"subprocess.py","lineno":106}
{"timestamp":"2025-11-05T11:26:24.603816Z","level":"info","event":"\u001b[0m11:26:24  1 of 1 START seed file public.example_seed ..................................... [RUN]","logger":"airflow.task.hooks.airflow.providers.standard.hooks.subprocess.SubprocessHook","filename":"subprocess.py","lineno":106}
{"timestamp":"2025-11-05T11:26:25.007206Z","level":"info","event":"\u001b[0m11:26:25  1 of 1 OK loaded seed file public.example_seed ................................. [\u001b[32mINSERT 3\u001b[0m in 0.40s]","logger":"airflow.task.hooks.airflow.providers.standard.hooks.subprocess.SubprocessHook","filename":"subprocess.py","lineno":106}
{"timestamp":"2025-11-05T11:26:25.174864Z","level":"info","event":"\u001b[0m11:26:25","logger":"airflow.task.hooks.airflow.providers.standard.hooks.subprocess.SubprocessHook","filename":"subprocess.py","lineno":106}
{"timestamp":"2025-11-05T11:26:25.176213Z","level":"info","event":"\u001b[0m11:26:25  Finished running 1 seed in 0 hours 0 minutes and 1.61 seconds (1.61s).","logger":"airflow.task.hooks.airflow.providers.standard.hooks.subprocess.SubprocessHook","filename":"subprocess.py","lineno":106}
{"timestamp":"2025-11-05T11:26:25.302635Z","level":"info","event":"\u001b[0m11:26:25","logger":"airflow.task.hooks.airflow.providers.standard.hooks.subprocess.SubprocessHook","filename":"subprocess.py","lineno":106}
{"timestamp":"2025-11-05T11:26:25.304634Z","level":"info","event":"\u001b[0m11:26:25  \u001b[32mCompleted successfully\u001b[0m","logger":"airflow.task.hooks.airflow.providers.standard.hooks.subprocess.SubprocessHook","filename":"subprocess.py","lineno":106}
{"timestamp":"2025-11-05T11:26:25.306270Z","level":"info","event":"\u001b[0m11:26:25","logger":"airflow.task.hooks.airflow.providers.standard.hooks.subprocess.SubprocessHook","filename":"subprocess.py","lineno":106}
{"timestamp":"2025-11-05T11:26:25.308164Z","level":"info","event":"\u001b[0m11:26:25  Done. PASS=1 WARN=0 ERROR=0 SKIP=0 NO-OP=0 TOTAL=1","logger":"airflow.task.hooks.airflow.providers.standard.hooks.subprocess.SubprocessHook","filename":"subprocess.py","lineno":106}
{"timestamp":"2025-11-05T11:26:27.299656Z","level":"info","event":"Command exited with return code 0","logger":"airflow.task.hooks.airflow.providers.standard.hooks.subprocess.SubprocessHook","filename":"subprocess.py","lineno":110}
{"timestamp":"2025-11-05T11:26:27.301036Z","level":"info","event":"Pushing xcom","ti":"RuntimeTaskInstance(id=UUID('019a53c1-ad3f-7396-a254-6add5a82c121'), task_id='dbt_seed', dag_id='dbt_airflow_example', run_id='scheduled__2025-11-05T00:00:00+00:00', try_number=2, dag_version_id=UUID('019a4f71-5fd3-78d0-8a4e-faadfe73e3cb'), map_index=-1, hostname='8a1d7b0d3085', context_carrier={}, task=<Task(BashOperator): dbt_seed>, bundle_instance=LocalDagBundle(name=dags-folder), max_tries=0, start_date=datetime.datetime(2025, 11, 5, 11, 25, 54, 471760, tzinfo=datetime.timezone.utc), end_date=None, state=<TaskInstanceState.RUNNING: 'running'>, is_mapped=False, rendered_map_index=None)","logger":"task","filename":"task_runner.py","lineno":1352}
