{"timestamp":"2025-11-07T02:28:10.187583Z","level":"info","event":"DAG bundles loaded: dags-folder","logger":"airflow.dag_processing.bundles.manager.DagBundlesManager","filename":"manager.py","lineno":179}
{"timestamp":"2025-11-07T02:28:10.189434Z","level":"info","event":"Filling up the DagBag from /opt/airflow/dags/dbt_dag.py","logger":"airflow.models.dagbag.DagBag","filename":"dagbag.py","lineno":593}
{"timestamp":"2025-11-07T02:28:51.140431Z","level":"info","event":"Tmp dir root location: /tmp","logger":"airflow.task.hooks.airflow.providers.standard.hooks.subprocess.SubprocessHook","filename":"subprocess.py","lineno":78}
{"timestamp":"2025-11-07T02:28:51.182344Z","level":"info","event":"Running command: ['/usr/bin/bash', '-c', 'cd /opt/airflow/dbt && dbt seed --profiles-dir /opt/airflow/dbt']","logger":"airflow.task.hooks.airflow.providers.standard.hooks.subprocess.SubprocessHook","filename":"subprocess.py","lineno":88}
{"timestamp":"2025-11-07T02:28:51.342954Z","level":"info","event":"Output:","logger":"airflow.task.hooks.airflow.providers.standard.hooks.subprocess.SubprocessHook","filename":"subprocess.py","lineno":99}
{"timestamp":"2025-11-07T02:29:32.920629Z","level":"info","event":"\u001b[0m02:29:32  Running with dbt=1.10.13","logger":"airflow.task.hooks.airflow.providers.standard.hooks.subprocess.SubprocessHook","filename":"subprocess.py","lineno":106}
{"timestamp":"2025-11-07T02:29:35.345973Z","level":"info","event":"\u001b[0m02:29:35  Registered adapter: postgres=1.9.1","logger":"airflow.task.hooks.airflow.providers.standard.hooks.subprocess.SubprocessHook","filename":"subprocess.py","lineno":106}
{"timestamp":"2025-11-07T02:29:38.244932Z","level":"info","event":"\u001b[0m02:29:38  Found 1 model, 1 seed, 451 macros","logger":"airflow.task.hooks.airflow.providers.standard.hooks.subprocess.SubprocessHook","filename":"subprocess.py","lineno":106}
{"timestamp":"2025-11-07T02:29:38.260670Z","level":"info","event":"\u001b[0m02:29:38","logger":"airflow.task.hooks.airflow.providers.standard.hooks.subprocess.SubprocessHook","filename":"subprocess.py","lineno":106}
{"timestamp":"2025-11-07T02:29:38.271854Z","level":"info","event":"\u001b[0m02:29:38  Concurrency: 1 threads (target='dev')","logger":"airflow.task.hooks.airflow.providers.standard.hooks.subprocess.SubprocessHook","filename":"subprocess.py","lineno":106}
{"timestamp":"2025-11-07T02:29:38.276990Z","level":"info","event":"\u001b[0m02:29:38","logger":"airflow.task.hooks.airflow.providers.standard.hooks.subprocess.SubprocessHook","filename":"subprocess.py","lineno":106}
{"timestamp":"2025-11-07T02:29:39.535598Z","level":"info","event":"\u001b[0m02:29:39  1 of 1 START seed file public.example_seed ..................................... [RUN]","logger":"airflow.task.hooks.airflow.providers.standard.hooks.subprocess.SubprocessHook","filename":"subprocess.py","lineno":106}
{"timestamp":"2025-11-07T02:29:40.049497Z","level":"info","event":"\u001b[0m02:29:40  1 of 1 OK loaded seed file public.example_seed ................................. [\u001b[32mINSERT 3\u001b[0m in 0.50s]","logger":"airflow.task.hooks.airflow.providers.standard.hooks.subprocess.SubprocessHook","filename":"subprocess.py","lineno":106}
{"timestamp":"2025-11-07T02:29:40.247482Z","level":"info","event":"\u001b[0m02:29:40","logger":"airflow.task.hooks.airflow.providers.standard.hooks.subprocess.SubprocessHook","filename":"subprocess.py","lineno":106}
{"timestamp":"2025-11-07T02:29:40.249851Z","level":"info","event":"\u001b[0m02:29:40  Finished running 1 seed in 0 hours 0 minutes and 1.97 seconds (1.97s).","logger":"airflow.task.hooks.airflow.providers.standard.hooks.subprocess.SubprocessHook","filename":"subprocess.py","lineno":106}
{"timestamp":"2025-11-07T02:29:40.409581Z","level":"info","event":"\u001b[0m02:29:40","logger":"airflow.task.hooks.airflow.providers.standard.hooks.subprocess.SubprocessHook","filename":"subprocess.py","lineno":106}
{"timestamp":"2025-11-07T02:29:40.412031Z","level":"info","event":"\u001b[0m02:29:40  \u001b[32mCompleted successfully\u001b[0m","logger":"airflow.task.hooks.airflow.providers.standard.hooks.subprocess.SubprocessHook","filename":"subprocess.py","lineno":106}
{"timestamp":"2025-11-07T02:29:40.413902Z","level":"info","event":"\u001b[0m02:29:40","logger":"airflow.task.hooks.airflow.providers.standard.hooks.subprocess.SubprocessHook","filename":"subprocess.py","lineno":106}
{"timestamp":"2025-11-07T02:29:40.420199Z","level":"info","event":"\u001b[0m02:29:40  Done. PASS=1 WARN=0 ERROR=0 SKIP=0 NO-OP=0 TOTAL=1","logger":"airflow.task.hooks.airflow.providers.standard.hooks.subprocess.SubprocessHook","filename":"subprocess.py","lineno":106}
{"timestamp":"2025-11-07T02:29:42.923528Z","level":"info","event":"Command exited with return code 0","logger":"airflow.task.hooks.airflow.providers.standard.hooks.subprocess.SubprocessHook","filename":"subprocess.py","lineno":110}
{"timestamp":"2025-11-07T02:29:42.925491Z","level":"info","event":"Pushing xcom","ti":"RuntimeTaskInstance(id=UUID('019a5c24-5974-7648-9c56-08457785410c'), task_id='dbt_seed', dag_id='dbt_airflow_example', run_id='scheduled__2025-11-06T00:00:00+00:00', try_number=1, dag_version_id=UUID('019a4f71-5fd3-78d0-8a4e-faadfe73e3cb'), map_index=-1, hostname='0a967b2ed47a', context_carrier={}, task=<Task(BashOperator): dbt_seed>, bundle_instance=LocalDagBundle(name=dags-folder), max_tries=0, start_date=datetime.datetime(2025, 11, 7, 2, 27, 59, 306955, tzinfo=datetime.timezone.utc), end_date=None, state=<TaskInstanceState.RUNNING: 'running'>, is_mapped=False, rendered_map_index=None)","logger":"task","filename":"task_runner.py","lineno":1352}
