{"timestamp":"2025-11-08T13:47:39.304949Z","level":"info","event":"Filling up the DagBag from /opt/airflow/dags/ai_failure_predictor_dag.py","logger":"airflow.models.dagbag.DagBag","filename":"dagbag.py","lineno":593}
{"timestamp":"2025-11-08T13:47:55.497749Z","level":"warning","event":"The `airflow.operators.python.PythonOperator` attribute is deprecated. Please use `'airflow.providers.standard.operators.python.PythonOperator'`.","category":"DeprecatedImportWarning","filename":"/opt/airflow/dags/ai_failure_predictor_dag.py","lineno":3,"logger":"py.warnings"}
{"timestamp":"2025-11-08T13:48:25.915074Z","level":"info","event":"Filling up the DagBag from /opt/airflow/dags/ai_failure_predictor_dag.py","logger":"airflow.models.dagbag.DagBag","filename":"dagbag.py","lineno":593}
{"timestamp":"2025-11-08T13:48:27.586824Z","level":"warning","event":"The `airflow.operators.python.PythonOperator` attribute is deprecated. Please use `'airflow.providers.standard.operators.python.PythonOperator'`.","category":"DeprecatedImportWarning","filename":"/opt/airflow/dags/ai_failure_predictor_dag.py","lineno":3,"logger":"py.warnings"}
{"timestamp":"2025-11-08T13:48:58.085796Z","level":"info","event":"Filling up the DagBag from /opt/airflow/dags/ai_failure_predictor_dag.py","logger":"airflow.models.dagbag.DagBag","filename":"dagbag.py","lineno":593}
{"timestamp":"2025-11-08T13:48:59.103667Z","level":"warning","event":"The `airflow.operators.python.PythonOperator` attribute is deprecated. Please use `'airflow.providers.standard.operators.python.PythonOperator'`.","category":"DeprecatedImportWarning","filename":"/opt/airflow/dags/ai_failure_predictor_dag.py","lineno":3,"logger":"py.warnings"}
{"timestamp":"2025-11-08T13:49:30.755939Z","level":"info","event":"Filling up the DagBag from /opt/airflow/dags/ai_failure_predictor_dag.py","logger":"airflow.models.dagbag.DagBag","filename":"dagbag.py","lineno":593}
{"timestamp":"2025-11-08T13:49:35.971329Z","level":"warning","event":"The `airflow.operators.python.PythonOperator` attribute is deprecated. Please use `'airflow.providers.standard.operators.python.PythonOperator'`.","category":"DeprecatedImportWarning","filename":"/opt/airflow/dags/ai_failure_predictor_dag.py","lineno":3,"logger":"py.warnings"}
{"timestamp":"2025-11-08T13:50:07.606667Z","level":"info","event":"Filling up the DagBag from /opt/airflow/dags/ai_failure_predictor_dag.py","logger":"airflow.models.dagbag.DagBag","filename":"dagbag.py","lineno":593}
{"timestamp":"2025-11-08T13:50:08.540356Z","level":"warning","event":"The `airflow.operators.python.PythonOperator` attribute is deprecated. Please use `'airflow.providers.standard.operators.python.PythonOperator'`.","category":"DeprecatedImportWarning","filename":"/opt/airflow/dags/ai_failure_predictor_dag.py","lineno":3,"logger":"py.warnings"}
{"timestamp":"2025-11-08T13:50:38.994211Z","level":"info","event":"Filling up the DagBag from /opt/airflow/dags/ai_failure_predictor_dag.py","logger":"airflow.models.dagbag.DagBag","filename":"dagbag.py","lineno":593}
{"timestamp":"2025-11-08T13:50:39.831158Z","level":"warning","event":"The `airflow.operators.python.PythonOperator` attribute is deprecated. Please use `'airflow.providers.standard.operators.python.PythonOperator'`.","category":"DeprecatedImportWarning","filename":"/opt/airflow/dags/ai_failure_predictor_dag.py","lineno":3,"logger":"py.warnings"}
{"timestamp":"2025-11-08T13:51:08.570155Z","level":"info","event":"Filling up the DagBag from /opt/airflow/dags/ai_failure_predictor_dag.py","logger":"airflow.models.dagbag.DagBag","filename":"dagbag.py","lineno":593}
{"timestamp":"2025-11-08T13:51:39.881527Z","level":"info","event":"Filling up the DagBag from /opt/airflow/dags/ai_failure_predictor_dag.py","logger":"airflow.models.dagbag.DagBag","filename":"dagbag.py","lineno":593}
{"timestamp":"2025-11-08T13:52:10.964775Z","level":"info","event":"Filling up the DagBag from /opt/airflow/dags/ai_failure_predictor_dag.py","logger":"airflow.models.dagbag.DagBag","filename":"dagbag.py","lineno":593}
{"timestamp":"2025-11-08T13:52:42.298534Z","level":"info","event":"Filling up the DagBag from /opt/airflow/dags/ai_failure_predictor_dag.py","logger":"airflow.models.dagbag.DagBag","filename":"dagbag.py","lineno":593}
{"timestamp":"2025-11-08T13:53:13.652215Z","level":"info","event":"Filling up the DagBag from /opt/airflow/dags/ai_failure_predictor_dag.py","logger":"airflow.models.dagbag.DagBag","filename":"dagbag.py","lineno":593}
{"timestamp":"2025-11-08T13:53:45.103602Z","level":"info","event":"Filling up the DagBag from /opt/airflow/dags/ai_failure_predictor_dag.py","logger":"airflow.models.dagbag.DagBag","filename":"dagbag.py","lineno":593}
{"timestamp":"2025-11-08T13:54:16.510987Z","level":"info","event":"Filling up the DagBag from /opt/airflow/dags/ai_failure_predictor_dag.py","logger":"airflow.models.dagbag.DagBag","filename":"dagbag.py","lineno":593}
{"timestamp":"2025-11-08T13:54:47.890643Z","level":"info","event":"Filling up the DagBag from /opt/airflow/dags/ai_failure_predictor_dag.py","logger":"airflow.models.dagbag.DagBag","filename":"dagbag.py","lineno":593}
{"timestamp":"2025-11-08T13:55:18.718067Z","level":"info","event":"Filling up the DagBag from /opt/airflow/dags/ai_failure_predictor_dag.py","logger":"airflow.models.dagbag.DagBag","filename":"dagbag.py","lineno":593}
{"timestamp":"2025-11-08T13:55:50.696766Z","level":"info","event":"Filling up the DagBag from /opt/airflow/dags/ai_failure_predictor_dag.py","logger":"airflow.models.dagbag.DagBag","filename":"dagbag.py","lineno":593}
{"timestamp":"2025-11-08T13:56:22.681762Z","level":"info","event":"Filling up the DagBag from /opt/airflow/dags/ai_failure_predictor_dag.py","logger":"airflow.models.dagbag.DagBag","filename":"dagbag.py","lineno":593}
{"timestamp":"2025-11-08T13:56:53.944153Z","level":"info","event":"Filling up the DagBag from /opt/airflow/dags/ai_failure_predictor_dag.py","logger":"airflow.models.dagbag.DagBag","filename":"dagbag.py","lineno":593}
{"timestamp":"2025-11-08T13:57:25.281262Z","level":"info","event":"Filling up the DagBag from /opt/airflow/dags/ai_failure_predictor_dag.py","logger":"airflow.models.dagbag.DagBag","filename":"dagbag.py","lineno":593}
{"timestamp":"2025-11-08T13:57:56.270674Z","level":"info","event":"Filling up the DagBag from /opt/airflow/dags/ai_failure_predictor_dag.py","logger":"airflow.models.dagbag.DagBag","filename":"dagbag.py","lineno":593}
{"timestamp":"2025-11-08T13:58:27.950698Z","level":"info","event":"Filling up the DagBag from /opt/airflow/dags/ai_failure_predictor_dag.py","logger":"airflow.models.dagbag.DagBag","filename":"dagbag.py","lineno":593}
{"timestamp":"2025-11-08T13:58:59.267255Z","level":"info","event":"Filling up the DagBag from /opt/airflow/dags/ai_failure_predictor_dag.py","logger":"airflow.models.dagbag.DagBag","filename":"dagbag.py","lineno":593}
{"timestamp":"2025-11-08T13:59:30.592175Z","level":"info","event":"Filling up the DagBag from /opt/airflow/dags/ai_failure_predictor_dag.py","logger":"airflow.models.dagbag.DagBag","filename":"dagbag.py","lineno":593}
{"timestamp":"2025-11-08T14:00:01.814292Z","level":"info","event":"Filling up the DagBag from /opt/airflow/dags/ai_failure_predictor_dag.py","logger":"airflow.models.dagbag.DagBag","filename":"dagbag.py","lineno":593}
{"timestamp":"2025-11-08T14:00:33.050080Z","level":"info","event":"Filling up the DagBag from /opt/airflow/dags/ai_failure_predictor_dag.py","logger":"airflow.models.dagbag.DagBag","filename":"dagbag.py","lineno":593}
{"timestamp":"2025-11-08T14:01:04.604596Z","level":"info","event":"Filling up the DagBag from /opt/airflow/dags/ai_failure_predictor_dag.py","logger":"airflow.models.dagbag.DagBag","filename":"dagbag.py","lineno":593}
{"timestamp":"2025-11-08T14:01:36.154111Z","level":"info","event":"Filling up the DagBag from /opt/airflow/dags/ai_failure_predictor_dag.py","logger":"airflow.models.dagbag.DagBag","filename":"dagbag.py","lineno":593}
{"timestamp":"2025-11-08T14:02:07.552633Z","level":"info","event":"Filling up the DagBag from /opt/airflow/dags/ai_failure_predictor_dag.py","logger":"airflow.models.dagbag.DagBag","filename":"dagbag.py","lineno":593}
{"timestamp":"2025-11-08T14:02:39.254118Z","level":"info","event":"Filling up the DagBag from /opt/airflow/dags/ai_failure_predictor_dag.py","logger":"airflow.models.dagbag.DagBag","filename":"dagbag.py","lineno":593}
{"timestamp":"2025-11-08T14:03:12.990159Z","level":"info","event":"Filling up the DagBag from /opt/airflow/dags/ai_failure_predictor_dag.py","logger":"airflow.models.dagbag.DagBag","filename":"dagbag.py","lineno":593}
{"timestamp":"2025-11-08T14:03:44.137483Z","level":"info","event":"Filling up the DagBag from /opt/airflow/dags/ai_failure_predictor_dag.py","logger":"airflow.models.dagbag.DagBag","filename":"dagbag.py","lineno":593}
{"timestamp":"2025-11-08T14:04:15.497334Z","level":"info","event":"Filling up the DagBag from /opt/airflow/dags/ai_failure_predictor_dag.py","logger":"airflow.models.dagbag.DagBag","filename":"dagbag.py","lineno":593}
{"timestamp":"2025-11-08T14:04:46.892158Z","level":"info","event":"Filling up the DagBag from /opt/airflow/dags/ai_failure_predictor_dag.py","logger":"airflow.models.dagbag.DagBag","filename":"dagbag.py","lineno":593}
{"timestamp":"2025-11-08T14:05:18.349265Z","level":"info","event":"Filling up the DagBag from /opt/airflow/dags/ai_failure_predictor_dag.py","logger":"airflow.models.dagbag.DagBag","filename":"dagbag.py","lineno":593}
{"timestamp":"2025-11-08T14:05:49.899155Z","level":"info","event":"Filling up the DagBag from /opt/airflow/dags/ai_failure_predictor_dag.py","logger":"airflow.models.dagbag.DagBag","filename":"dagbag.py","lineno":593}
{"timestamp":"2025-11-08T14:06:21.009913Z","level":"info","event":"Filling up the DagBag from /opt/airflow/dags/ai_failure_predictor_dag.py","logger":"airflow.models.dagbag.DagBag","filename":"dagbag.py","lineno":593}
{"timestamp":"2025-11-08T14:06:52.195836Z","level":"info","event":"Filling up the DagBag from /opt/airflow/dags/ai_failure_predictor_dag.py","logger":"airflow.models.dagbag.DagBag","filename":"dagbag.py","lineno":593}
{"timestamp":"2025-11-08T14:07:23.682198Z","level":"info","event":"Filling up the DagBag from /opt/airflow/dags/ai_failure_predictor_dag.py","logger":"airflow.models.dagbag.DagBag","filename":"dagbag.py","lineno":593}
{"timestamp":"2025-11-08T14:07:49.553344Z","level":"info","event":"Filling up the DagBag from /opt/airflow/dags/ai_failure_predictor_dag.py","logger":"airflow.models.dagbag.DagBag","filename":"dagbag.py","lineno":593}
{"timestamp":"2025-11-08T14:08:21.158301Z","level":"info","event":"Filling up the DagBag from /opt/airflow/dags/ai_failure_predictor_dag.py","logger":"airflow.models.dagbag.DagBag","filename":"dagbag.py","lineno":593}
{"timestamp":"2025-11-08T14:08:52.767217Z","level":"info","event":"Filling up the DagBag from /opt/airflow/dags/ai_failure_predictor_dag.py","logger":"airflow.models.dagbag.DagBag","filename":"dagbag.py","lineno":593}
{"timestamp":"2025-11-08T14:09:25.329784Z","level":"info","event":"Filling up the DagBag from /opt/airflow/dags/ai_failure_predictor_dag.py","logger":"airflow.models.dagbag.DagBag","filename":"dagbag.py","lineno":593}
{"timestamp":"2025-11-08T14:09:56.114717Z","level":"info","event":"Filling up the DagBag from /opt/airflow/dags/ai_failure_predictor_dag.py","logger":"airflow.models.dagbag.DagBag","filename":"dagbag.py","lineno":593}
{"timestamp":"2025-11-08T14:10:27.475337Z","level":"info","event":"Filling up the DagBag from /opt/airflow/dags/ai_failure_predictor_dag.py","logger":"airflow.models.dagbag.DagBag","filename":"dagbag.py","lineno":593}
{"timestamp":"2025-11-08T14:10:58.714666Z","level":"info","event":"Filling up the DagBag from /opt/airflow/dags/ai_failure_predictor_dag.py","logger":"airflow.models.dagbag.DagBag","filename":"dagbag.py","lineno":593}
{"timestamp":"2025-11-08T14:11:30.185152Z","level":"info","event":"Filling up the DagBag from /opt/airflow/dags/ai_failure_predictor_dag.py","logger":"airflow.models.dagbag.DagBag","filename":"dagbag.py","lineno":593}
{"timestamp":"2025-11-08T14:12:01.882483Z","level":"info","event":"Filling up the DagBag from /opt/airflow/dags/ai_failure_predictor_dag.py","logger":"airflow.models.dagbag.DagBag","filename":"dagbag.py","lineno":593}
{"timestamp":"2025-11-08T14:12:32.818918Z","level":"info","event":"Filling up the DagBag from /opt/airflow/dags/ai_failure_predictor_dag.py","logger":"airflow.models.dagbag.DagBag","filename":"dagbag.py","lineno":593}
{"timestamp":"2025-11-08T14:13:03.812274Z","level":"info","event":"Filling up the DagBag from /opt/airflow/dags/ai_failure_predictor_dag.py","logger":"airflow.models.dagbag.DagBag","filename":"dagbag.py","lineno":593}
{"timestamp":"2025-11-08T14:13:35.821974Z","level":"info","event":"Filling up the DagBag from /opt/airflow/dags/ai_failure_predictor_dag.py","logger":"airflow.models.dagbag.DagBag","filename":"dagbag.py","lineno":593}
{"timestamp":"2025-11-08T14:14:07.230735Z","level":"info","event":"Filling up the DagBag from /opt/airflow/dags/ai_failure_predictor_dag.py","logger":"airflow.models.dagbag.DagBag","filename":"dagbag.py","lineno":593}
{"timestamp":"2025-11-08T14:14:38.561224Z","level":"info","event":"Filling up the DagBag from /opt/airflow/dags/ai_failure_predictor_dag.py","logger":"airflow.models.dagbag.DagBag","filename":"dagbag.py","lineno":593}
{"timestamp":"2025-11-08T14:15:10.190385Z","level":"info","event":"Filling up the DagBag from /opt/airflow/dags/ai_failure_predictor_dag.py","logger":"airflow.models.dagbag.DagBag","filename":"dagbag.py","lineno":593}
{"timestamp":"2025-11-08T14:15:19.408401Z","level":"info","event":"Filling up the DagBag from /opt/airflow/dags/ai_failure_predictor_dag.py","logger":"airflow.models.dagbag.DagBag","filename":"dagbag.py","lineno":593}
{"timestamp":"2025-11-08T14:15:30.210438Z","level":"info","event":"Filling up the DagBag from /opt/airflow/dags/ai_failure_predictor_dag.py","logger":"airflow.models.dagbag.DagBag","filename":"dagbag.py","lineno":593}
{"timestamp":"2025-11-08T14:16:01.956943Z","level":"info","event":"Filling up the DagBag from /opt/airflow/dags/ai_failure_predictor_dag.py","logger":"airflow.models.dagbag.DagBag","filename":"dagbag.py","lineno":593}
{"timestamp":"2025-11-08T14:16:33.234626Z","level":"info","event":"Filling up the DagBag from /opt/airflow/dags/ai_failure_predictor_dag.py","logger":"airflow.models.dagbag.DagBag","filename":"dagbag.py","lineno":593}
{"timestamp":"2025-11-08T14:16:44.847270Z","level":"info","event":"Filling up the DagBag from /opt/airflow/dags/ai_failure_predictor_dag.py","logger":"airflow.models.dagbag.DagBag","filename":"dagbag.py","lineno":593}
{"timestamp":"2025-11-08T14:16:46.281889Z","level":"error","event":"Failed to import: /opt/airflow/dags/ai_failure_predictor_dag.py","logger":"airflow.models.dagbag.DagBag","filename":"dagbag.py","lineno":415,"error_detail":[{"exc_type":"AttributeError","exc_value":"task decorator 'bra' not found","exc_notes":[],"syntax_error":null,"is_cause":false,"frames":[{"filename":"/home/airflow/.local/lib/python3.12/site-packages/airflow/models/dagbag.py","lineno":405,"name":"parse"},{"filename":"<frozen importlib._bootstrap_external>","lineno":999,"name":"exec_module"},{"filename":"<frozen importlib._bootstrap>","lineno":488,"name":"_call_with_frames_removed"},{"filename":"/opt/airflow/dags/ai_failure_predictor_dag.py","lineno":68,"name":"<module>"},{"filename":"/home/airflow/.local/lib/python3.12/site-packages/airflow/sdk/definitions/dag.py","lineno":1514,"name":"factory"},{"filename":"/opt/airflow/dags/ai_failure_predictor_dag.py","lineno":41,"name":"ai_failure_predictor_dag"},{"filename":"/home/airflow/.local/lib/python3.12/site-packages/airflow/sdk/definitions/decorators/__init__.py","lineno":52,"name":"__getattr__"}],"is_group":false,"exceptions":[]}]}
{"timestamp":"2025-11-08T14:17:17.215090Z","level":"info","event":"Filling up the DagBag from /opt/airflow/dags/ai_failure_predictor_dag.py","logger":"airflow.models.dagbag.DagBag","filename":"dagbag.py","lineno":593}
{"timestamp":"2025-11-08T14:17:18.612970Z","level":"error","event":"Failed to import: /opt/airflow/dags/ai_failure_predictor_dag.py","logger":"airflow.models.dagbag.DagBag","filename":"dagbag.py","lineno":415,"error_detail":[{"exc_type":"AttributeError","exc_value":"task decorator 'bra' not found","exc_notes":[],"syntax_error":null,"is_cause":false,"frames":[{"filename":"/home/airflow/.local/lib/python3.12/site-packages/airflow/models/dagbag.py","lineno":405,"name":"parse"},{"filename":"<frozen importlib._bootstrap_external>","lineno":999,"name":"exec_module"},{"filename":"<frozen importlib._bootstrap>","lineno":488,"name":"_call_with_frames_removed"},{"filename":"/opt/airflow/dags/ai_failure_predictor_dag.py","lineno":68,"name":"<module>"},{"filename":"/home/airflow/.local/lib/python3.12/site-packages/airflow/sdk/definitions/dag.py","lineno":1514,"name":"factory"},{"filename":"/opt/airflow/dags/ai_failure_predictor_dag.py","lineno":41,"name":"ai_failure_predictor_dag"},{"filename":"/home/airflow/.local/lib/python3.12/site-packages/airflow/sdk/definitions/decorators/__init__.py","lineno":52,"name":"__getattr__"}],"is_group":false,"exceptions":[]}]}
{"timestamp":"2025-11-08T14:17:38.047219Z","level":"info","event":"Filling up the DagBag from /opt/airflow/dags/ai_failure_predictor_dag.py","logger":"airflow.models.dagbag.DagBag","filename":"dagbag.py","lineno":593}
{"timestamp":"2025-11-08T14:17:38.802628Z","level":"error","event":"Failed to import: /opt/airflow/dags/ai_failure_predictor_dag.py","logger":"airflow.models.dagbag.DagBag","filename":"dagbag.py","lineno":415,"error_detail":[{"exc_type":"NameError","exc_value":"name 'predict_task' is not defined","exc_notes":[],"syntax_error":null,"is_cause":false,"frames":[{"filename":"/home/airflow/.local/lib/python3.12/site-packages/airflow/models/dagbag.py","lineno":405,"name":"parse"},{"filename":"<frozen importlib._bootstrap_external>","lineno":999,"name":"exec_module"},{"filename":"<frozen importlib._bootstrap>","lineno":488,"name":"_call_with_frames_removed"},{"filename":"/opt/airflow/dags/ai_failure_predictor_dag.py","lineno":68,"name":"<module>"},{"filename":"/home/airflow/.local/lib/python3.12/site-packages/airflow/sdk/definitions/dag.py","lineno":1514,"name":"factory"},{"filename":"/opt/airflow/dags/ai_failure_predictor_dag.py","lineno":66,"name":"ai_failure_predictor_dag"}],"is_group":false,"exceptions":[]}]}
{"timestamp":"2025-11-08T14:18:09.647681Z","level":"info","event":"Filling up the DagBag from /opt/airflow/dags/ai_failure_predictor_dag.py","logger":"airflow.models.dagbag.DagBag","filename":"dagbag.py","lineno":593}
{"timestamp":"2025-11-08T14:18:10.459258Z","level":"error","event":"Failed to import: /opt/airflow/dags/ai_failure_predictor_dag.py","logger":"airflow.models.dagbag.DagBag","filename":"dagbag.py","lineno":415,"error_detail":[{"exc_type":"NameError","exc_value":"name 'predict_task' is not defined","exc_notes":[],"syntax_error":null,"is_cause":false,"frames":[{"filename":"/home/airflow/.local/lib/python3.12/site-packages/airflow/models/dagbag.py","lineno":405,"name":"parse"},{"filename":"<frozen importlib._bootstrap_external>","lineno":999,"name":"exec_module"},{"filename":"<frozen importlib._bootstrap>","lineno":488,"name":"_call_with_frames_removed"},{"filename":"/opt/airflow/dags/ai_failure_predictor_dag.py","lineno":68,"name":"<module>"},{"filename":"/home/airflow/.local/lib/python3.12/site-packages/airflow/sdk/definitions/dag.py","lineno":1514,"name":"factory"},{"filename":"/opt/airflow/dags/ai_failure_predictor_dag.py","lineno":66,"name":"ai_failure_predictor_dag"}],"is_group":false,"exceptions":[]}]}
{"timestamp":"2025-11-08T14:18:15.802727Z","level":"info","event":"Filling up the DagBag from /opt/airflow/dags/ai_failure_predictor_dag.py","logger":"airflow.models.dagbag.DagBag","filename":"dagbag.py","lineno":593}
{"timestamp":"2025-11-08T14:18:16.589559Z","level":"error","event":"Failed to import: /opt/airflow/dags/ai_failure_predictor_dag.py","logger":"airflow.models.dagbag.DagBag","filename":"dagbag.py","lineno":415,"error_detail":[{"exc_type":"NameError","exc_value":"name 'predict_task' is not defined","exc_notes":[],"syntax_error":null,"is_cause":false,"frames":[{"filename":"/home/airflow/.local/lib/python3.12/site-packages/airflow/models/dagbag.py","lineno":405,"name":"parse"},{"filename":"<frozen importlib._bootstrap_external>","lineno":999,"name":"exec_module"},{"filename":"<frozen importlib._bootstrap>","lineno":488,"name":"_call_with_frames_removed"},{"filename":"/opt/airflow/dags/ai_failure_predictor_dag.py","lineno":68,"name":"<module>"},{"filename":"/home/airflow/.local/lib/python3.12/site-packages/airflow/sdk/definitions/dag.py","lineno":1514,"name":"factory"},{"filename":"/opt/airflow/dags/ai_failure_predictor_dag.py","lineno":66,"name":"ai_failure_predictor_dag"}],"is_group":false,"exceptions":[]}]}
{"timestamp":"2025-11-08T14:18:47.141855Z","level":"info","event":"Filling up the DagBag from /opt/airflow/dags/ai_failure_predictor_dag.py","logger":"airflow.models.dagbag.DagBag","filename":"dagbag.py","lineno":593}
{"timestamp":"2025-11-08T14:18:48.191513Z","level":"error","event":"Failed to import: /opt/airflow/dags/ai_failure_predictor_dag.py","logger":"airflow.models.dagbag.DagBag","filename":"dagbag.py","lineno":415,"error_detail":[{"exc_type":"NameError","exc_value":"name 'predict_task' is not defined","exc_notes":[],"syntax_error":null,"is_cause":false,"frames":[{"filename":"/home/airflow/.local/lib/python3.12/site-packages/airflow/models/dagbag.py","lineno":405,"name":"parse"},{"filename":"<frozen importlib._bootstrap_external>","lineno":999,"name":"exec_module"},{"filename":"<frozen importlib._bootstrap>","lineno":488,"name":"_call_with_frames_removed"},{"filename":"/opt/airflow/dags/ai_failure_predictor_dag.py","lineno":68,"name":"<module>"},{"filename":"/home/airflow/.local/lib/python3.12/site-packages/airflow/sdk/definitions/dag.py","lineno":1514,"name":"factory"},{"filename":"/opt/airflow/dags/ai_failure_predictor_dag.py","lineno":66,"name":"ai_failure_predictor_dag"}],"is_group":false,"exceptions":[]}]}
{"timestamp":"2025-11-08T14:19:19.015595Z","level":"info","event":"Filling up the DagBag from /opt/airflow/dags/ai_failure_predictor_dag.py","logger":"airflow.models.dagbag.DagBag","filename":"dagbag.py","lineno":593}
{"timestamp":"2025-11-08T14:19:35.797793Z","level":"info","event":"Filling up the DagBag from /opt/airflow/dags/ai_failure_predictor_dag.py","logger":"airflow.models.dagbag.DagBag","filename":"dagbag.py","lineno":593}
{"timestamp":"2025-11-08T14:20:06.736730Z","level":"info","event":"Filling up the DagBag from /opt/airflow/dags/ai_failure_predictor_dag.py","logger":"airflow.models.dagbag.DagBag","filename":"dagbag.py","lineno":593}
{"timestamp":"2025-11-08T14:20:38.699382Z","level":"info","event":"Filling up the DagBag from /opt/airflow/dags/ai_failure_predictor_dag.py","logger":"airflow.models.dagbag.DagBag","filename":"dagbag.py","lineno":593}
{"timestamp":"2025-11-08T14:21:10.288408Z","level":"info","event":"Filling up the DagBag from /opt/airflow/dags/ai_failure_predictor_dag.py","logger":"airflow.models.dagbag.DagBag","filename":"dagbag.py","lineno":593}
{"timestamp":"2025-11-08T14:21:41.596745Z","level":"info","event":"Filling up the DagBag from /opt/airflow/dags/ai_failure_predictor_dag.py","logger":"airflow.models.dagbag.DagBag","filename":"dagbag.py","lineno":593}
{"timestamp":"2025-11-08T14:22:12.479117Z","level":"info","event":"Filling up the DagBag from /opt/airflow/dags/ai_failure_predictor_dag.py","logger":"airflow.models.dagbag.DagBag","filename":"dagbag.py","lineno":593}
{"timestamp":"2025-11-08T14:22:27.031818Z","level":"info","event":"Filling up the DagBag from /opt/airflow/dags/ai_failure_predictor_dag.py","logger":"airflow.models.dagbag.DagBag","filename":"dagbag.py","lineno":593}
{"timestamp":"2025-11-08T14:22:58.433454Z","level":"info","event":"Filling up the DagBag from /opt/airflow/dags/ai_failure_predictor_dag.py","logger":"airflow.models.dagbag.DagBag","filename":"dagbag.py","lineno":593}
{"timestamp":"2025-11-08T14:23:29.558520Z","level":"info","event":"Filling up the DagBag from /opt/airflow/dags/ai_failure_predictor_dag.py","logger":"airflow.models.dagbag.DagBag","filename":"dagbag.py","lineno":593}
{"timestamp":"2025-11-08T14:24:01.013309Z","level":"info","event":"Filling up the DagBag from /opt/airflow/dags/ai_failure_predictor_dag.py","logger":"airflow.models.dagbag.DagBag","filename":"dagbag.py","lineno":593}
{"timestamp":"2025-11-08T14:24:32.232232Z","level":"info","event":"Filling up the DagBag from /opt/airflow/dags/ai_failure_predictor_dag.py","logger":"airflow.models.dagbag.DagBag","filename":"dagbag.py","lineno":593}
{"timestamp":"2025-11-08T14:25:03.603989Z","level":"info","event":"Filling up the DagBag from /opt/airflow/dags/ai_failure_predictor_dag.py","logger":"airflow.models.dagbag.DagBag","filename":"dagbag.py","lineno":593}
{"timestamp":"2025-11-08T14:25:34.646190Z","level":"info","event":"Filling up the DagBag from /opt/airflow/dags/ai_failure_predictor_dag.py","logger":"airflow.models.dagbag.DagBag","filename":"dagbag.py","lineno":593}
{"timestamp":"2025-11-08T14:26:07.455122Z","level":"info","event":"Filling up the DagBag from /opt/airflow/dags/ai_failure_predictor_dag.py","logger":"airflow.models.dagbag.DagBag","filename":"dagbag.py","lineno":593}
{"timestamp":"2025-11-08T14:26:38.746392Z","level":"info","event":"Filling up the DagBag from /opt/airflow/dags/ai_failure_predictor_dag.py","logger":"airflow.models.dagbag.DagBag","filename":"dagbag.py","lineno":593}
{"timestamp":"2025-11-08T14:27:10.406516Z","level":"info","event":"Filling up the DagBag from /opt/airflow/dags/ai_failure_predictor_dag.py","logger":"airflow.models.dagbag.DagBag","filename":"dagbag.py","lineno":593}
{"timestamp":"2025-11-08T14:27:41.929950Z","level":"info","event":"Filling up the DagBag from /opt/airflow/dags/ai_failure_predictor_dag.py","logger":"airflow.models.dagbag.DagBag","filename":"dagbag.py","lineno":593}
{"timestamp":"2025-11-08T14:28:12.878367Z","level":"info","event":"Filling up the DagBag from /opt/airflow/dags/ai_failure_predictor_dag.py","logger":"airflow.models.dagbag.DagBag","filename":"dagbag.py","lineno":593}
{"timestamp":"2025-11-08T14:28:44.577657Z","level":"info","event":"Filling up the DagBag from /opt/airflow/dags/ai_failure_predictor_dag.py","logger":"airflow.models.dagbag.DagBag","filename":"dagbag.py","lineno":593}
{"timestamp":"2025-11-08T14:28:47.531722Z","level":"info","event":"Filling up the DagBag from /opt/airflow/dags/ai_failure_predictor_dag.py","logger":"airflow.models.dagbag.DagBag","filename":"dagbag.py","lineno":593}
{"timestamp":"2025-11-08T14:29:19.265912Z","level":"info","event":"Filling up the DagBag from /opt/airflow/dags/ai_failure_predictor_dag.py","logger":"airflow.models.dagbag.DagBag","filename":"dagbag.py","lineno":593}
{"timestamp":"2025-11-08T14:29:50.540726Z","level":"info","event":"Filling up the DagBag from /opt/airflow/dags/ai_failure_predictor_dag.py","logger":"airflow.models.dagbag.DagBag","filename":"dagbag.py","lineno":593}
{"timestamp":"2025-11-08T14:30:22.052077Z","level":"info","event":"Filling up the DagBag from /opt/airflow/dags/ai_failure_predictor_dag.py","logger":"airflow.models.dagbag.DagBag","filename":"dagbag.py","lineno":593}
{"timestamp":"2025-11-08T14:30:53.767521Z","level":"info","event":"Filling up the DagBag from /opt/airflow/dags/ai_failure_predictor_dag.py","logger":"airflow.models.dagbag.DagBag","filename":"dagbag.py","lineno":593}
{"timestamp":"2025-11-08T14:31:25.121044Z","level":"info","event":"Filling up the DagBag from /opt/airflow/dags/ai_failure_predictor_dag.py","logger":"airflow.models.dagbag.DagBag","filename":"dagbag.py","lineno":593}
{"timestamp":"2025-11-08T14:31:56.782470Z","level":"info","event":"Filling up the DagBag from /opt/airflow/dags/ai_failure_predictor_dag.py","logger":"airflow.models.dagbag.DagBag","filename":"dagbag.py","lineno":593}
{"timestamp":"2025-11-08T14:32:27.983629Z","level":"info","event":"Filling up the DagBag from /opt/airflow/dags/ai_failure_predictor_dag.py","logger":"airflow.models.dagbag.DagBag","filename":"dagbag.py","lineno":593}
{"timestamp":"2025-11-08T14:32:59.394699Z","level":"info","event":"Filling up the DagBag from /opt/airflow/dags/ai_failure_predictor_dag.py","logger":"airflow.models.dagbag.DagBag","filename":"dagbag.py","lineno":593}
{"timestamp":"2025-11-08T14:33:31.693983Z","level":"info","event":"Filling up the DagBag from /opt/airflow/dags/ai_failure_predictor_dag.py","logger":"airflow.models.dagbag.DagBag","filename":"dagbag.py","lineno":593}
{"timestamp":"2025-11-08T14:33:46.233143Z","level":"info","event":"Filling up the DagBag from /opt/airflow/dags/ai_failure_predictor_dag.py","logger":"airflow.models.dagbag.DagBag","filename":"dagbag.py","lineno":593}
{"timestamp":"2025-11-08T14:33:46.267346Z","level":"error","event":"Failed to import: /opt/airflow/dags/ai_failure_predictor_dag.py","logger":"airflow.models.dagbag.DagBag","filename":"dagbag.py","lineno":415,"error_detail":[{"exc_type":"SyntaxError","exc_value":"expected ':' (ai_failure_predictor_dag.py, line 45)","exc_notes":[],"syntax_error":{"offset":29,"filename":"/opt/airflow/dags/ai_failure_predictor_dag.py","line":"        if predict_failure()\n","lineno":45,"msg":"expected ':'"},"is_cause":false,"frames":[{"filename":"/home/airflow/.local/lib/python3.12/site-packages/airflow/models/dagbag.py","lineno":405,"name":"parse"},{"filename":"<frozen importlib._bootstrap_external>","lineno":995,"name":"exec_module"},{"filename":"<frozen importlib._bootstrap_external>","lineno":1133,"name":"get_code"},{"filename":"<frozen importlib._bootstrap_external>","lineno":1063,"name":"source_to_code"},{"filename":"<frozen importlib._bootstrap>","lineno":488,"name":"_call_with_frames_removed"}],"is_group":false,"exceptions":[]}]}
{"timestamp":"2025-11-08T14:34:16.949784Z","level":"info","event":"Filling up the DagBag from /opt/airflow/dags/ai_failure_predictor_dag.py","logger":"airflow.models.dagbag.DagBag","filename":"dagbag.py","lineno":593}
{"timestamp":"2025-11-08T14:34:16.979754Z","level":"error","event":"Failed to import: /opt/airflow/dags/ai_failure_predictor_dag.py","logger":"airflow.models.dagbag.DagBag","filename":"dagbag.py","lineno":415,"error_detail":[{"exc_type":"SyntaxError","exc_value":"expected ':' (ai_failure_predictor_dag.py, line 45)","exc_notes":[],"syntax_error":{"offset":29,"filename":"/opt/airflow/dags/ai_failure_predictor_dag.py","line":"        if predict_failure()\n","lineno":45,"msg":"expected ':'"},"is_cause":false,"frames":[{"filename":"/home/airflow/.local/lib/python3.12/site-packages/airflow/models/dagbag.py","lineno":405,"name":"parse"},{"filename":"<frozen importlib._bootstrap_external>","lineno":995,"name":"exec_module"},{"filename":"<frozen importlib._bootstrap_external>","lineno":1133,"name":"get_code"},{"filename":"<frozen importlib._bootstrap_external>","lineno":1063,"name":"source_to_code"},{"filename":"<frozen importlib._bootstrap>","lineno":488,"name":"_call_with_frames_removed"}],"is_group":false,"exceptions":[]}]}
{"timestamp":"2025-11-08T14:34:45.469862Z","level":"info","event":"Filling up the DagBag from /opt/airflow/dags/ai_failure_predictor_dag.py","logger":"airflow.models.dagbag.DagBag","filename":"dagbag.py","lineno":593}
{"timestamp":"2025-11-08T14:34:52.590264Z","level":"info","event":"Filling up the DagBag from /opt/airflow/dags/ai_failure_predictor_dag.py","logger":"airflow.models.dagbag.DagBag","filename":"dagbag.py","lineno":593}
{"timestamp":"2025-11-08T14:35:24.325510Z","level":"info","event":"Filling up the DagBag from /opt/airflow/dags/ai_failure_predictor_dag.py","logger":"airflow.models.dagbag.DagBag","filename":"dagbag.py","lineno":593}
{"timestamp":"2025-11-08T14:35:55.835660Z","level":"info","event":"Filling up the DagBag from /opt/airflow/dags/ai_failure_predictor_dag.py","logger":"airflow.models.dagbag.DagBag","filename":"dagbag.py","lineno":593}
{"timestamp":"2025-11-08T14:36:27.667188Z","level":"info","event":"Filling up the DagBag from /opt/airflow/dags/ai_failure_predictor_dag.py","logger":"airflow.models.dagbag.DagBag","filename":"dagbag.py","lineno":593}
{"timestamp":"2025-11-08T14:36:59.250127Z","level":"info","event":"Filling up the DagBag from /opt/airflow/dags/ai_failure_predictor_dag.py","logger":"airflow.models.dagbag.DagBag","filename":"dagbag.py","lineno":593}
{"timestamp":"2025-11-08T14:37:31.551292Z","level":"info","event":"Filling up the DagBag from /opt/airflow/dags/ai_failure_predictor_dag.py","logger":"airflow.models.dagbag.DagBag","filename":"dagbag.py","lineno":593}
{"timestamp":"2025-11-08T14:38:02.849904Z","level":"info","event":"Filling up the DagBag from /opt/airflow/dags/ai_failure_predictor_dag.py","logger":"airflow.models.dagbag.DagBag","filename":"dagbag.py","lineno":593}
{"timestamp":"2025-11-08T14:38:34.336229Z","level":"info","event":"Filling up the DagBag from /opt/airflow/dags/ai_failure_predictor_dag.py","logger":"airflow.models.dagbag.DagBag","filename":"dagbag.py","lineno":593}
{"timestamp":"2025-11-08T14:39:06.148161Z","level":"info","event":"Filling up the DagBag from /opt/airflow/dags/ai_failure_predictor_dag.py","logger":"airflow.models.dagbag.DagBag","filename":"dagbag.py","lineno":593}
{"timestamp":"2025-11-08T14:39:37.551180Z","level":"info","event":"Filling up the DagBag from /opt/airflow/dags/ai_failure_predictor_dag.py","logger":"airflow.models.dagbag.DagBag","filename":"dagbag.py","lineno":593}
{"timestamp":"2025-11-08T14:40:08.967482Z","level":"info","event":"Filling up the DagBag from /opt/airflow/dags/ai_failure_predictor_dag.py","logger":"airflow.models.dagbag.DagBag","filename":"dagbag.py","lineno":593}
{"timestamp":"2025-11-08T14:40:40.475468Z","level":"info","event":"Filling up the DagBag from /opt/airflow/dags/ai_failure_predictor_dag.py","logger":"airflow.models.dagbag.DagBag","filename":"dagbag.py","lineno":593}
{"timestamp":"2025-11-08T14:41:11.941640Z","level":"info","event":"Filling up the DagBag from /opt/airflow/dags/ai_failure_predictor_dag.py","logger":"airflow.models.dagbag.DagBag","filename":"dagbag.py","lineno":593}
{"timestamp":"2025-11-08T14:41:43.541345Z","level":"info","event":"Filling up the DagBag from /opt/airflow/dags/ai_failure_predictor_dag.py","logger":"airflow.models.dagbag.DagBag","filename":"dagbag.py","lineno":593}
{"timestamp":"2025-11-08T14:42:15.116595Z","level":"info","event":"Filling up the DagBag from /opt/airflow/dags/ai_failure_predictor_dag.py","logger":"airflow.models.dagbag.DagBag","filename":"dagbag.py","lineno":593}
{"timestamp":"2025-11-08T14:42:47.247712Z","level":"info","event":"Filling up the DagBag from /opt/airflow/dags/ai_failure_predictor_dag.py","logger":"airflow.models.dagbag.DagBag","filename":"dagbag.py","lineno":593}
{"timestamp":"2025-11-08T14:43:18.633048Z","level":"info","event":"Filling up the DagBag from /opt/airflow/dags/ai_failure_predictor_dag.py","logger":"airflow.models.dagbag.DagBag","filename":"dagbag.py","lineno":593}
{"timestamp":"2025-11-08T14:43:50.191246Z","level":"info","event":"Filling up the DagBag from /opt/airflow/dags/ai_failure_predictor_dag.py","logger":"airflow.models.dagbag.DagBag","filename":"dagbag.py","lineno":593}
{"timestamp":"2025-11-08T14:44:21.487889Z","level":"info","event":"Filling up the DagBag from /opt/airflow/dags/ai_failure_predictor_dag.py","logger":"airflow.models.dagbag.DagBag","filename":"dagbag.py","lineno":593}
{"timestamp":"2025-11-08T14:44:52.970532Z","level":"info","event":"Filling up the DagBag from /opt/airflow/dags/ai_failure_predictor_dag.py","logger":"airflow.models.dagbag.DagBag","filename":"dagbag.py","lineno":593}
{"timestamp":"2025-11-08T14:45:24.610305Z","level":"info","event":"Filling up the DagBag from /opt/airflow/dags/ai_failure_predictor_dag.py","logger":"airflow.models.dagbag.DagBag","filename":"dagbag.py","lineno":593}
{"timestamp":"2025-11-08T14:45:56.471575Z","level":"info","event":"Filling up the DagBag from /opt/airflow/dags/ai_failure_predictor_dag.py","logger":"airflow.models.dagbag.DagBag","filename":"dagbag.py","lineno":593}
{"timestamp":"2025-11-08T14:46:28.379346Z","level":"info","event":"Filling up the DagBag from /opt/airflow/dags/ai_failure_predictor_dag.py","logger":"airflow.models.dagbag.DagBag","filename":"dagbag.py","lineno":593}
{"timestamp":"2025-11-08T14:46:59.772891Z","level":"info","event":"Filling up the DagBag from /opt/airflow/dags/ai_failure_predictor_dag.py","logger":"airflow.models.dagbag.DagBag","filename":"dagbag.py","lineno":593}
{"timestamp":"2025-11-08T14:47:31.155891Z","level":"info","event":"Filling up the DagBag from /opt/airflow/dags/ai_failure_predictor_dag.py","logger":"airflow.models.dagbag.DagBag","filename":"dagbag.py","lineno":593}
{"timestamp":"2025-11-08T14:48:02.868908Z","level":"info","event":"Filling up the DagBag from /opt/airflow/dags/ai_failure_predictor_dag.py","logger":"airflow.models.dagbag.DagBag","filename":"dagbag.py","lineno":593}
{"timestamp":"2025-11-08T14:48:34.397732Z","level":"info","event":"Filling up the DagBag from /opt/airflow/dags/ai_failure_predictor_dag.py","logger":"airflow.models.dagbag.DagBag","filename":"dagbag.py","lineno":593}
{"timestamp":"2025-11-08T14:49:06.548352Z","level":"info","event":"Filling up the DagBag from /opt/airflow/dags/ai_failure_predictor_dag.py","logger":"airflow.models.dagbag.DagBag","filename":"dagbag.py","lineno":593}
{"timestamp":"2025-11-08T14:49:38.123165Z","level":"info","event":"Filling up the DagBag from /opt/airflow/dags/ai_failure_predictor_dag.py","logger":"airflow.models.dagbag.DagBag","filename":"dagbag.py","lineno":593}
{"timestamp":"2025-11-08T14:50:09.956919Z","level":"info","event":"Filling up the DagBag from /opt/airflow/dags/ai_failure_predictor_dag.py","logger":"airflow.models.dagbag.DagBag","filename":"dagbag.py","lineno":593}
{"timestamp":"2025-11-08T14:50:41.366390Z","level":"info","event":"Filling up the DagBag from /opt/airflow/dags/ai_failure_predictor_dag.py","logger":"airflow.models.dagbag.DagBag","filename":"dagbag.py","lineno":593}
{"timestamp":"2025-11-08T14:51:13.033629Z","level":"info","event":"Filling up the DagBag from /opt/airflow/dags/ai_failure_predictor_dag.py","logger":"airflow.models.dagbag.DagBag","filename":"dagbag.py","lineno":593}
{"timestamp":"2025-11-08T14:51:44.671506Z","level":"info","event":"Filling up the DagBag from /opt/airflow/dags/ai_failure_predictor_dag.py","logger":"airflow.models.dagbag.DagBag","filename":"dagbag.py","lineno":593}
{"timestamp":"2025-11-08T14:52:16.247683Z","level":"info","event":"Filling up the DagBag from /opt/airflow/dags/ai_failure_predictor_dag.py","logger":"airflow.models.dagbag.DagBag","filename":"dagbag.py","lineno":593}
{"timestamp":"2025-11-08T14:52:47.925565Z","level":"info","event":"Filling up the DagBag from /opt/airflow/dags/ai_failure_predictor_dag.py","logger":"airflow.models.dagbag.DagBag","filename":"dagbag.py","lineno":593}
{"timestamp":"2025-11-08T14:53:19.565760Z","level":"info","event":"Filling up the DagBag from /opt/airflow/dags/ai_failure_predictor_dag.py","logger":"airflow.models.dagbag.DagBag","filename":"dagbag.py","lineno":593}
{"timestamp":"2025-11-08T14:53:51.239492Z","level":"info","event":"Filling up the DagBag from /opt/airflow/dags/ai_failure_predictor_dag.py","logger":"airflow.models.dagbag.DagBag","filename":"dagbag.py","lineno":593}
{"timestamp":"2025-11-08T14:54:23.398244Z","level":"info","event":"Filling up the DagBag from /opt/airflow/dags/ai_failure_predictor_dag.py","logger":"airflow.models.dagbag.DagBag","filename":"dagbag.py","lineno":593}
{"timestamp":"2025-11-08T14:54:55.070167Z","level":"info","event":"Filling up the DagBag from /opt/airflow/dags/ai_failure_predictor_dag.py","logger":"airflow.models.dagbag.DagBag","filename":"dagbag.py","lineno":593}
{"timestamp":"2025-11-08T14:55:26.859992Z","level":"info","event":"Filling up the DagBag from /opt/airflow/dags/ai_failure_predictor_dag.py","logger":"airflow.models.dagbag.DagBag","filename":"dagbag.py","lineno":593}
{"timestamp":"2025-11-08T14:55:58.459415Z","level":"info","event":"Filling up the DagBag from /opt/airflow/dags/ai_failure_predictor_dag.py","logger":"airflow.models.dagbag.DagBag","filename":"dagbag.py","lineno":593}
{"timestamp":"2025-11-08T14:56:29.895673Z","level":"info","event":"Filling up the DagBag from /opt/airflow/dags/ai_failure_predictor_dag.py","logger":"airflow.models.dagbag.DagBag","filename":"dagbag.py","lineno":593}
{"timestamp":"2025-11-08T14:57:01.630144Z","level":"info","event":"Filling up the DagBag from /opt/airflow/dags/ai_failure_predictor_dag.py","logger":"airflow.models.dagbag.DagBag","filename":"dagbag.py","lineno":593}
{"timestamp":"2025-11-08T14:57:33.042857Z","level":"info","event":"Filling up the DagBag from /opt/airflow/dags/ai_failure_predictor_dag.py","logger":"airflow.models.dagbag.DagBag","filename":"dagbag.py","lineno":593}
{"timestamp":"2025-11-08T14:58:04.719697Z","level":"info","event":"Filling up the DagBag from /opt/airflow/dags/ai_failure_predictor_dag.py","logger":"airflow.models.dagbag.DagBag","filename":"dagbag.py","lineno":593}
{"timestamp":"2025-11-08T14:58:35.785763Z","level":"info","event":"Filling up the DagBag from /opt/airflow/dags/ai_failure_predictor_dag.py","logger":"airflow.models.dagbag.DagBag","filename":"dagbag.py","lineno":593}
{"timestamp":"2025-11-08T14:59:07.748428Z","level":"info","event":"Filling up the DagBag from /opt/airflow/dags/ai_failure_predictor_dag.py","logger":"airflow.models.dagbag.DagBag","filename":"dagbag.py","lineno":593}
{"timestamp":"2025-11-08T14:59:40.726535Z","level":"info","event":"Filling up the DagBag from /opt/airflow/dags/ai_failure_predictor_dag.py","logger":"airflow.models.dagbag.DagBag","filename":"dagbag.py","lineno":593}
{"timestamp":"2025-11-08T15:00:14.394382Z","level":"info","event":"Filling up the DagBag from /opt/airflow/dags/ai_failure_predictor_dag.py","logger":"airflow.models.dagbag.DagBag","filename":"dagbag.py","lineno":593}
{"timestamp":"2025-11-08T15:00:46.011410Z","level":"info","event":"Filling up the DagBag from /opt/airflow/dags/ai_failure_predictor_dag.py","logger":"airflow.models.dagbag.DagBag","filename":"dagbag.py","lineno":593}
{"timestamp":"2025-11-08T15:01:18.041281Z","level":"info","event":"Filling up the DagBag from /opt/airflow/dags/ai_failure_predictor_dag.py","logger":"airflow.models.dagbag.DagBag","filename":"dagbag.py","lineno":593}
{"timestamp":"2025-11-08T15:01:49.712476Z","level":"info","event":"Filling up the DagBag from /opt/airflow/dags/ai_failure_predictor_dag.py","logger":"airflow.models.dagbag.DagBag","filename":"dagbag.py","lineno":593}
{"timestamp":"2025-11-08T15:02:21.510574Z","level":"info","event":"Filling up the DagBag from /opt/airflow/dags/ai_failure_predictor_dag.py","logger":"airflow.models.dagbag.DagBag","filename":"dagbag.py","lineno":593}
{"timestamp":"2025-11-08T15:02:53.289671Z","level":"info","event":"Filling up the DagBag from /opt/airflow/dags/ai_failure_predictor_dag.py","logger":"airflow.models.dagbag.DagBag","filename":"dagbag.py","lineno":593}
{"timestamp":"2025-11-08T15:03:25.655785Z","level":"info","event":"Filling up the DagBag from /opt/airflow/dags/ai_failure_predictor_dag.py","logger":"airflow.models.dagbag.DagBag","filename":"dagbag.py","lineno":593}
{"timestamp":"2025-11-08T15:03:57.764573Z","level":"info","event":"Filling up the DagBag from /opt/airflow/dags/ai_failure_predictor_dag.py","logger":"airflow.models.dagbag.DagBag","filename":"dagbag.py","lineno":593}
{"timestamp":"2025-11-08T15:04:29.448797Z","level":"info","event":"Filling up the DagBag from /opt/airflow/dags/ai_failure_predictor_dag.py","logger":"airflow.models.dagbag.DagBag","filename":"dagbag.py","lineno":593}
{"timestamp":"2025-11-08T15:05:00.966056Z","level":"info","event":"Filling up the DagBag from /opt/airflow/dags/ai_failure_predictor_dag.py","logger":"airflow.models.dagbag.DagBag","filename":"dagbag.py","lineno":593}
{"timestamp":"2025-11-08T15:05:32.547937Z","level":"info","event":"Filling up the DagBag from /opt/airflow/dags/ai_failure_predictor_dag.py","logger":"airflow.models.dagbag.DagBag","filename":"dagbag.py","lineno":593}
{"timestamp":"2025-11-08T15:06:03.914189Z","level":"info","event":"Filling up the DagBag from /opt/airflow/dags/ai_failure_predictor_dag.py","logger":"airflow.models.dagbag.DagBag","filename":"dagbag.py","lineno":593}
{"timestamp":"2025-11-08T15:06:35.330520Z","level":"info","event":"Filling up the DagBag from /opt/airflow/dags/ai_failure_predictor_dag.py","logger":"airflow.models.dagbag.DagBag","filename":"dagbag.py","lineno":593}
{"timestamp":"2025-11-08T15:07:06.545332Z","level":"info","event":"Filling up the DagBag from /opt/airflow/dags/ai_failure_predictor_dag.py","logger":"airflow.models.dagbag.DagBag","filename":"dagbag.py","lineno":593}
{"timestamp":"2025-11-08T15:07:37.919870Z","level":"info","event":"Filling up the DagBag from /opt/airflow/dags/ai_failure_predictor_dag.py","logger":"airflow.models.dagbag.DagBag","filename":"dagbag.py","lineno":593}
{"timestamp":"2025-11-08T15:08:09.624961Z","level":"info","event":"Filling up the DagBag from /opt/airflow/dags/ai_failure_predictor_dag.py","logger":"airflow.models.dagbag.DagBag","filename":"dagbag.py","lineno":593}
{"timestamp":"2025-11-08T15:08:41.024964Z","level":"info","event":"Filling up the DagBag from /opt/airflow/dags/ai_failure_predictor_dag.py","logger":"airflow.models.dagbag.DagBag","filename":"dagbag.py","lineno":593}
{"timestamp":"2025-11-08T15:09:12.577417Z","level":"info","event":"Filling up the DagBag from /opt/airflow/dags/ai_failure_predictor_dag.py","logger":"airflow.models.dagbag.DagBag","filename":"dagbag.py","lineno":593}
{"timestamp":"2025-11-08T15:09:43.818836Z","level":"info","event":"Filling up the DagBag from /opt/airflow/dags/ai_failure_predictor_dag.py","logger":"airflow.models.dagbag.DagBag","filename":"dagbag.py","lineno":593}
{"timestamp":"2025-11-08T15:10:15.320642Z","level":"info","event":"Filling up the DagBag from /opt/airflow/dags/ai_failure_predictor_dag.py","logger":"airflow.models.dagbag.DagBag","filename":"dagbag.py","lineno":593}
{"timestamp":"2025-11-08T15:10:47.024204Z","level":"info","event":"Filling up the DagBag from /opt/airflow/dags/ai_failure_predictor_dag.py","logger":"airflow.models.dagbag.DagBag","filename":"dagbag.py","lineno":593}
{"timestamp":"2025-11-08T15:11:18.658074Z","level":"info","event":"Filling up the DagBag from /opt/airflow/dags/ai_failure_predictor_dag.py","logger":"airflow.models.dagbag.DagBag","filename":"dagbag.py","lineno":593}
{"timestamp":"2025-11-08T15:11:50.085742Z","level":"info","event":"Filling up the DagBag from /opt/airflow/dags/ai_failure_predictor_dag.py","logger":"airflow.models.dagbag.DagBag","filename":"dagbag.py","lineno":593}
{"timestamp":"2025-11-08T15:12:21.677674Z","level":"info","event":"Filling up the DagBag from /opt/airflow/dags/ai_failure_predictor_dag.py","logger":"airflow.models.dagbag.DagBag","filename":"dagbag.py","lineno":593}
{"timestamp":"2025-11-08T15:12:52.961056Z","level":"info","event":"Filling up the DagBag from /opt/airflow/dags/ai_failure_predictor_dag.py","logger":"airflow.models.dagbag.DagBag","filename":"dagbag.py","lineno":593}
{"timestamp":"2025-11-08T15:13:24.593281Z","level":"info","event":"Filling up the DagBag from /opt/airflow/dags/ai_failure_predictor_dag.py","logger":"airflow.models.dagbag.DagBag","filename":"dagbag.py","lineno":593}
{"timestamp":"2025-11-08T15:13:56.495705Z","level":"info","event":"Filling up the DagBag from /opt/airflow/dags/ai_failure_predictor_dag.py","logger":"airflow.models.dagbag.DagBag","filename":"dagbag.py","lineno":593}
{"timestamp":"2025-11-08T15:14:27.879451Z","level":"info","event":"Filling up the DagBag from /opt/airflow/dags/ai_failure_predictor_dag.py","logger":"airflow.models.dagbag.DagBag","filename":"dagbag.py","lineno":593}
{"timestamp":"2025-11-08T15:14:59.467632Z","level":"info","event":"Filling up the DagBag from /opt/airflow/dags/ai_failure_predictor_dag.py","logger":"airflow.models.dagbag.DagBag","filename":"dagbag.py","lineno":593}
{"timestamp":"2025-11-08T15:15:30.876273Z","level":"info","event":"Filling up the DagBag from /opt/airflow/dags/ai_failure_predictor_dag.py","logger":"airflow.models.dagbag.DagBag","filename":"dagbag.py","lineno":593}
{"timestamp":"2025-11-08T15:16:03.159185Z","level":"info","event":"Filling up the DagBag from /opt/airflow/dags/ai_failure_predictor_dag.py","logger":"airflow.models.dagbag.DagBag","filename":"dagbag.py","lineno":593}
{"timestamp":"2025-11-08T15:16:34.762156Z","level":"info","event":"Filling up the DagBag from /opt/airflow/dags/ai_failure_predictor_dag.py","logger":"airflow.models.dagbag.DagBag","filename":"dagbag.py","lineno":593}
{"timestamp":"2025-11-08T15:17:06.669761Z","level":"info","event":"Filling up the DagBag from /opt/airflow/dags/ai_failure_predictor_dag.py","logger":"airflow.models.dagbag.DagBag","filename":"dagbag.py","lineno":593}
{"timestamp":"2025-11-08T15:17:38.135439Z","level":"info","event":"Filling up the DagBag from /opt/airflow/dags/ai_failure_predictor_dag.py","logger":"airflow.models.dagbag.DagBag","filename":"dagbag.py","lineno":593}
{"timestamp":"2025-11-08T15:18:09.511475Z","level":"info","event":"Filling up the DagBag from /opt/airflow/dags/ai_failure_predictor_dag.py","logger":"airflow.models.dagbag.DagBag","filename":"dagbag.py","lineno":593}
{"timestamp":"2025-11-08T15:18:41.370173Z","level":"info","event":"Filling up the DagBag from /opt/airflow/dags/ai_failure_predictor_dag.py","logger":"airflow.models.dagbag.DagBag","filename":"dagbag.py","lineno":593}
{"timestamp":"2025-11-08T15:19:13.239012Z","level":"info","event":"Filling up the DagBag from /opt/airflow/dags/ai_failure_predictor_dag.py","logger":"airflow.models.dagbag.DagBag","filename":"dagbag.py","lineno":593}
{"timestamp":"2025-11-08T15:19:44.789109Z","level":"info","event":"Filling up the DagBag from /opt/airflow/dags/ai_failure_predictor_dag.py","logger":"airflow.models.dagbag.DagBag","filename":"dagbag.py","lineno":593}
{"timestamp":"2025-11-08T15:20:16.056180Z","level":"info","event":"Filling up the DagBag from /opt/airflow/dags/ai_failure_predictor_dag.py","logger":"airflow.models.dagbag.DagBag","filename":"dagbag.py","lineno":593}
{"timestamp":"2025-11-08T15:20:47.352488Z","level":"info","event":"Filling up the DagBag from /opt/airflow/dags/ai_failure_predictor_dag.py","logger":"airflow.models.dagbag.DagBag","filename":"dagbag.py","lineno":593}
{"timestamp":"2025-11-08T15:21:18.810467Z","level":"info","event":"Filling up the DagBag from /opt/airflow/dags/ai_failure_predictor_dag.py","logger":"airflow.models.dagbag.DagBag","filename":"dagbag.py","lineno":593}
{"timestamp":"2025-11-08T15:21:50.264350Z","level":"info","event":"Filling up the DagBag from /opt/airflow/dags/ai_failure_predictor_dag.py","logger":"airflow.models.dagbag.DagBag","filename":"dagbag.py","lineno":593}
{"timestamp":"2025-11-08T15:22:21.489405Z","level":"info","event":"Filling up the DagBag from /opt/airflow/dags/ai_failure_predictor_dag.py","logger":"airflow.models.dagbag.DagBag","filename":"dagbag.py","lineno":593}
{"timestamp":"2025-11-08T15:22:52.318227Z","level":"info","event":"Filling up the DagBag from /opt/airflow/dags/ai_failure_predictor_dag.py","logger":"airflow.models.dagbag.DagBag","filename":"dagbag.py","lineno":593}
{"timestamp":"2025-11-08T15:23:23.443500Z","level":"info","event":"Filling up the DagBag from /opt/airflow/dags/ai_failure_predictor_dag.py","logger":"airflow.models.dagbag.DagBag","filename":"dagbag.py","lineno":593}
{"timestamp":"2025-11-08T15:23:55.144356Z","level":"info","event":"Filling up the DagBag from /opt/airflow/dags/ai_failure_predictor_dag.py","logger":"airflow.models.dagbag.DagBag","filename":"dagbag.py","lineno":593}
{"timestamp":"2025-11-08T15:24:27.348732Z","level":"info","event":"Filling up the DagBag from /opt/airflow/dags/ai_failure_predictor_dag.py","logger":"airflow.models.dagbag.DagBag","filename":"dagbag.py","lineno":593}
{"timestamp":"2025-11-08T15:24:58.332507Z","level":"info","event":"Filling up the DagBag from /opt/airflow/dags/ai_failure_predictor_dag.py","logger":"airflow.models.dagbag.DagBag","filename":"dagbag.py","lineno":593}
{"timestamp":"2025-11-08T15:25:29.171175Z","level":"info","event":"Filling up the DagBag from /opt/airflow/dags/ai_failure_predictor_dag.py","logger":"airflow.models.dagbag.DagBag","filename":"dagbag.py","lineno":593}
{"timestamp":"2025-11-08T15:26:00.184933Z","level":"info","event":"Filling up the DagBag from /opt/airflow/dags/ai_failure_predictor_dag.py","logger":"airflow.models.dagbag.DagBag","filename":"dagbag.py","lineno":593}
{"timestamp":"2025-11-08T15:26:31.203223Z","level":"info","event":"Filling up the DagBag from /opt/airflow/dags/ai_failure_predictor_dag.py","logger":"airflow.models.dagbag.DagBag","filename":"dagbag.py","lineno":593}
{"timestamp":"2025-11-08T15:27:02.820257Z","level":"info","event":"Filling up the DagBag from /opt/airflow/dags/ai_failure_predictor_dag.py","logger":"airflow.models.dagbag.DagBag","filename":"dagbag.py","lineno":593}
{"timestamp":"2025-11-08T15:27:33.828213Z","level":"info","event":"Filling up the DagBag from /opt/airflow/dags/ai_failure_predictor_dag.py","logger":"airflow.models.dagbag.DagBag","filename":"dagbag.py","lineno":593}
{"timestamp":"2025-11-08T15:28:04.716513Z","level":"info","event":"Filling up the DagBag from /opt/airflow/dags/ai_failure_predictor_dag.py","logger":"airflow.models.dagbag.DagBag","filename":"dagbag.py","lineno":593}
{"timestamp":"2025-11-08T15:28:35.671100Z","level":"info","event":"Filling up the DagBag from /opt/airflow/dags/ai_failure_predictor_dag.py","logger":"airflow.models.dagbag.DagBag","filename":"dagbag.py","lineno":593}
{"timestamp":"2025-11-08T15:29:07.342758Z","level":"info","event":"Filling up the DagBag from /opt/airflow/dags/ai_failure_predictor_dag.py","logger":"airflow.models.dagbag.DagBag","filename":"dagbag.py","lineno":593}
{"timestamp":"2025-11-08T15:29:38.193520Z","level":"info","event":"Filling up the DagBag from /opt/airflow/dags/ai_failure_predictor_dag.py","logger":"airflow.models.dagbag.DagBag","filename":"dagbag.py","lineno":593}
{"timestamp":"2025-11-08T15:30:09.951692Z","level":"info","event":"Filling up the DagBag from /opt/airflow/dags/ai_failure_predictor_dag.py","logger":"airflow.models.dagbag.DagBag","filename":"dagbag.py","lineno":593}
{"timestamp":"2025-11-08T15:30:41.038569Z","level":"info","event":"Filling up the DagBag from /opt/airflow/dags/ai_failure_predictor_dag.py","logger":"airflow.models.dagbag.DagBag","filename":"dagbag.py","lineno":593}
{"timestamp":"2025-11-08T15:31:12.662286Z","level":"info","event":"Filling up the DagBag from /opt/airflow/dags/ai_failure_predictor_dag.py","logger":"airflow.models.dagbag.DagBag","filename":"dagbag.py","lineno":593}
{"timestamp":"2025-11-08T15:31:44.559745Z","level":"info","event":"Filling up the DagBag from /opt/airflow/dags/ai_failure_predictor_dag.py","logger":"airflow.models.dagbag.DagBag","filename":"dagbag.py","lineno":593}
{"timestamp":"2025-11-08T15:32:15.691444Z","level":"info","event":"Filling up the DagBag from /opt/airflow/dags/ai_failure_predictor_dag.py","logger":"airflow.models.dagbag.DagBag","filename":"dagbag.py","lineno":593}
{"timestamp":"2025-11-08T15:32:46.851092Z","level":"info","event":"Filling up the DagBag from /opt/airflow/dags/ai_failure_predictor_dag.py","logger":"airflow.models.dagbag.DagBag","filename":"dagbag.py","lineno":593}
{"timestamp":"2025-11-08T15:33:18.287526Z","level":"info","event":"Filling up the DagBag from /opt/airflow/dags/ai_failure_predictor_dag.py","logger":"airflow.models.dagbag.DagBag","filename":"dagbag.py","lineno":593}
{"timestamp":"2025-11-08T15:33:50.056673Z","level":"info","event":"Filling up the DagBag from /opt/airflow/dags/ai_failure_predictor_dag.py","logger":"airflow.models.dagbag.DagBag","filename":"dagbag.py","lineno":593}
{"timestamp":"2025-11-08T15:34:22.282254Z","level":"info","event":"Filling up the DagBag from /opt/airflow/dags/ai_failure_predictor_dag.py","logger":"airflow.models.dagbag.DagBag","filename":"dagbag.py","lineno":593}
{"timestamp":"2025-11-08T15:34:53.614924Z","level":"info","event":"Filling up the DagBag from /opt/airflow/dags/ai_failure_predictor_dag.py","logger":"airflow.models.dagbag.DagBag","filename":"dagbag.py","lineno":593}
{"timestamp":"2025-11-08T15:35:24.935281Z","level":"info","event":"Filling up the DagBag from /opt/airflow/dags/ai_failure_predictor_dag.py","logger":"airflow.models.dagbag.DagBag","filename":"dagbag.py","lineno":593}
{"timestamp":"2025-11-08T15:35:56.696862Z","level":"info","event":"Filling up the DagBag from /opt/airflow/dags/ai_failure_predictor_dag.py","logger":"airflow.models.dagbag.DagBag","filename":"dagbag.py","lineno":593}
{"timestamp":"2025-11-08T15:36:28.419132Z","level":"info","event":"Filling up the DagBag from /opt/airflow/dags/ai_failure_predictor_dag.py","logger":"airflow.models.dagbag.DagBag","filename":"dagbag.py","lineno":593}
{"timestamp":"2025-11-08T15:37:00.453128Z","level":"info","event":"Filling up the DagBag from /opt/airflow/dags/ai_failure_predictor_dag.py","logger":"airflow.models.dagbag.DagBag","filename":"dagbag.py","lineno":593}
{"timestamp":"2025-11-08T15:37:31.458523Z","level":"info","event":"Filling up the DagBag from /opt/airflow/dags/ai_failure_predictor_dag.py","logger":"airflow.models.dagbag.DagBag","filename":"dagbag.py","lineno":593}
{"timestamp":"2025-11-08T15:38:02.786001Z","level":"info","event":"Filling up the DagBag from /opt/airflow/dags/ai_failure_predictor_dag.py","logger":"airflow.models.dagbag.DagBag","filename":"dagbag.py","lineno":593}
{"timestamp":"2025-11-08T15:38:33.650088Z","level":"info","event":"Filling up the DagBag from /opt/airflow/dags/ai_failure_predictor_dag.py","logger":"airflow.models.dagbag.DagBag","filename":"dagbag.py","lineno":593}
{"timestamp":"2025-11-08T15:39:04.882631Z","level":"info","event":"Filling up the DagBag from /opt/airflow/dags/ai_failure_predictor_dag.py","logger":"airflow.models.dagbag.DagBag","filename":"dagbag.py","lineno":593}
{"timestamp":"2025-11-08T15:39:36.424665Z","level":"info","event":"Filling up the DagBag from /opt/airflow/dags/ai_failure_predictor_dag.py","logger":"airflow.models.dagbag.DagBag","filename":"dagbag.py","lineno":593}
{"timestamp":"2025-11-08T15:40:07.347136Z","level":"info","event":"Filling up the DagBag from /opt/airflow/dags/ai_failure_predictor_dag.py","logger":"airflow.models.dagbag.DagBag","filename":"dagbag.py","lineno":593}
{"timestamp":"2025-11-08T15:40:38.421098Z","level":"info","event":"Filling up the DagBag from /opt/airflow/dags/ai_failure_predictor_dag.py","logger":"airflow.models.dagbag.DagBag","filename":"dagbag.py","lineno":593}
{"timestamp":"2025-11-08T15:41:10.340011Z","level":"info","event":"Filling up the DagBag from /opt/airflow/dags/ai_failure_predictor_dag.py","logger":"airflow.models.dagbag.DagBag","filename":"dagbag.py","lineno":593}
{"timestamp":"2025-11-08T15:41:41.663248Z","level":"info","event":"Filling up the DagBag from /opt/airflow/dags/ai_failure_predictor_dag.py","logger":"airflow.models.dagbag.DagBag","filename":"dagbag.py","lineno":593}
{"timestamp":"2025-11-08T15:42:12.723899Z","level":"info","event":"Filling up the DagBag from /opt/airflow/dags/ai_failure_predictor_dag.py","logger":"airflow.models.dagbag.DagBag","filename":"dagbag.py","lineno":593}
{"timestamp":"2025-11-08T15:42:43.961390Z","level":"info","event":"Filling up the DagBag from /opt/airflow/dags/ai_failure_predictor_dag.py","logger":"airflow.models.dagbag.DagBag","filename":"dagbag.py","lineno":593}
{"timestamp":"2025-11-08T15:43:15.028114Z","level":"info","event":"Filling up the DagBag from /opt/airflow/dags/ai_failure_predictor_dag.py","logger":"airflow.models.dagbag.DagBag","filename":"dagbag.py","lineno":593}
{"timestamp":"2025-11-08T15:43:46.796410Z","level":"info","event":"Filling up the DagBag from /opt/airflow/dags/ai_failure_predictor_dag.py","logger":"airflow.models.dagbag.DagBag","filename":"dagbag.py","lineno":593}
{"timestamp":"2025-11-08T15:44:17.880348Z","level":"info","event":"Filling up the DagBag from /opt/airflow/dags/ai_failure_predictor_dag.py","logger":"airflow.models.dagbag.DagBag","filename":"dagbag.py","lineno":593}
{"timestamp":"2025-11-08T15:44:49.124206Z","level":"info","event":"Filling up the DagBag from /opt/airflow/dags/ai_failure_predictor_dag.py","logger":"airflow.models.dagbag.DagBag","filename":"dagbag.py","lineno":593}
{"timestamp":"2025-11-08T15:45:20.468386Z","level":"info","event":"Filling up the DagBag from /opt/airflow/dags/ai_failure_predictor_dag.py","logger":"airflow.models.dagbag.DagBag","filename":"dagbag.py","lineno":593}
{"timestamp":"2025-11-08T15:45:51.416063Z","level":"info","event":"Filling up the DagBag from /opt/airflow/dags/ai_failure_predictor_dag.py","logger":"airflow.models.dagbag.DagBag","filename":"dagbag.py","lineno":593}
{"timestamp":"2025-11-08T15:46:22.465804Z","level":"info","event":"Filling up the DagBag from /opt/airflow/dags/ai_failure_predictor_dag.py","logger":"airflow.models.dagbag.DagBag","filename":"dagbag.py","lineno":593}
{"timestamp":"2025-11-08T15:46:53.734820Z","level":"info","event":"Filling up the DagBag from /opt/airflow/dags/ai_failure_predictor_dag.py","logger":"airflow.models.dagbag.DagBag","filename":"dagbag.py","lineno":593}
{"timestamp":"2025-11-08T15:47:25.152566Z","level":"info","event":"Filling up the DagBag from /opt/airflow/dags/ai_failure_predictor_dag.py","logger":"airflow.models.dagbag.DagBag","filename":"dagbag.py","lineno":593}
{"timestamp":"2025-11-08T15:47:56.803596Z","level":"info","event":"Filling up the DagBag from /opt/airflow/dags/ai_failure_predictor_dag.py","logger":"airflow.models.dagbag.DagBag","filename":"dagbag.py","lineno":593}
{"timestamp":"2025-11-08T15:48:28.665393Z","level":"info","event":"Filling up the DagBag from /opt/airflow/dags/ai_failure_predictor_dag.py","logger":"airflow.models.dagbag.DagBag","filename":"dagbag.py","lineno":593}
{"timestamp":"2025-11-08T15:49:00.498023Z","level":"info","event":"Filling up the DagBag from /opt/airflow/dags/ai_failure_predictor_dag.py","logger":"airflow.models.dagbag.DagBag","filename":"dagbag.py","lineno":593}
{"timestamp":"2025-11-08T15:49:31.426011Z","level":"info","event":"Filling up the DagBag from /opt/airflow/dags/ai_failure_predictor_dag.py","logger":"airflow.models.dagbag.DagBag","filename":"dagbag.py","lineno":593}
{"timestamp":"2025-11-08T15:50:02.956149Z","level":"info","event":"Filling up the DagBag from /opt/airflow/dags/ai_failure_predictor_dag.py","logger":"airflow.models.dagbag.DagBag","filename":"dagbag.py","lineno":593}
{"timestamp":"2025-11-08T15:50:34.465465Z","level":"info","event":"Filling up the DagBag from /opt/airflow/dags/ai_failure_predictor_dag.py","logger":"airflow.models.dagbag.DagBag","filename":"dagbag.py","lineno":593}
{"timestamp":"2025-11-08T15:51:06.410231Z","level":"info","event":"Filling up the DagBag from /opt/airflow/dags/ai_failure_predictor_dag.py","logger":"airflow.models.dagbag.DagBag","filename":"dagbag.py","lineno":593}
{"timestamp":"2025-11-08T15:51:38.614232Z","level":"info","event":"Filling up the DagBag from /opt/airflow/dags/ai_failure_predictor_dag.py","logger":"airflow.models.dagbag.DagBag","filename":"dagbag.py","lineno":593}
{"timestamp":"2025-11-08T15:52:10.486604Z","level":"info","event":"Filling up the DagBag from /opt/airflow/dags/ai_failure_predictor_dag.py","logger":"airflow.models.dagbag.DagBag","filename":"dagbag.py","lineno":593}
{"timestamp":"2025-11-08T15:52:42.086557Z","level":"info","event":"Filling up the DagBag from /opt/airflow/dags/ai_failure_predictor_dag.py","logger":"airflow.models.dagbag.DagBag","filename":"dagbag.py","lineno":593}
