{"timestamp":"2025-11-07T02:29:44.369722Z","level":"info","event":"DAG bundles loaded: dags-folder","logger":"airflow.dag_processing.bundles.manager.DagBundlesManager","filename":"manager.py","lineno":179}
{"timestamp":"2025-11-07T02:29:44.372192Z","level":"info","event":"Filling up the DagBag from /opt/airflow/dags/dbt_dag.py","logger":"airflow.models.dagbag.DagBag","filename":"dagbag.py","lineno":593}
{"timestamp":"2025-11-07T02:29:45.514385Z","level":"info","event":"Tmp dir root location: /tmp","logger":"airflow.task.hooks.airflow.providers.standard.hooks.subprocess.SubprocessHook","filename":"subprocess.py","lineno":78}
{"timestamp":"2025-11-07T02:29:45.516013Z","level":"info","event":"Running command: ['/usr/bin/bash', '-c', 'cd /opt/airflow/dbt && dbt run --profiles-dir /opt/airflow/dbt']","logger":"airflow.task.hooks.airflow.providers.standard.hooks.subprocess.SubprocessHook","filename":"subprocess.py","lineno":88}
{"timestamp":"2025-11-07T02:29:45.535687Z","level":"info","event":"Output:","logger":"airflow.task.hooks.airflow.providers.standard.hooks.subprocess.SubprocessHook","filename":"subprocess.py","lineno":99}
{"timestamp":"2025-11-07T02:29:52.791675Z","level":"info","event":"\u001b[0m02:29:52  Running with dbt=1.10.13","logger":"airflow.task.hooks.airflow.providers.standard.hooks.subprocess.SubprocessHook","filename":"subprocess.py","lineno":106}
{"timestamp":"2025-11-07T02:29:53.947817Z","level":"info","event":"\u001b[0m02:29:53  Registered adapter: postgres=1.9.1","logger":"airflow.task.hooks.airflow.providers.standard.hooks.subprocess.SubprocessHook","filename":"subprocess.py","lineno":106}
{"timestamp":"2025-11-07T02:29:55.445372Z","level":"info","event":"\u001b[0m02:29:55  Found 1 model, 1 seed, 451 macros","logger":"airflow.task.hooks.airflow.providers.standard.hooks.subprocess.SubprocessHook","filename":"subprocess.py","lineno":106}
{"timestamp":"2025-11-07T02:29:55.453164Z","level":"info","event":"\u001b[0m02:29:55","logger":"airflow.task.hooks.airflow.providers.standard.hooks.subprocess.SubprocessHook","filename":"subprocess.py","lineno":106}
{"timestamp":"2025-11-07T02:29:55.455082Z","level":"info","event":"\u001b[0m02:29:55  Concurrency: 1 threads (target='dev')","logger":"airflow.task.hooks.airflow.providers.standard.hooks.subprocess.SubprocessHook","filename":"subprocess.py","lineno":106}
{"timestamp":"2025-11-07T02:29:55.456972Z","level":"info","event":"\u001b[0m02:29:55","logger":"airflow.task.hooks.airflow.providers.standard.hooks.subprocess.SubprocessHook","filename":"subprocess.py","lineno":106}
{"timestamp":"2025-11-07T02:29:56.469537Z","level":"info","event":"\u001b[0m02:29:56  1 of 1 START sql view model public.example_model ............................... [RUN]","logger":"airflow.task.hooks.airflow.providers.standard.hooks.subprocess.SubprocessHook","filename":"subprocess.py","lineno":106}
{"timestamp":"2025-11-07T02:29:57.016195Z","level":"info","event":"\u001b[0m02:29:57  1 of 1 OK created sql view model public.example_model .......................... [\u001b[32mCREATE VIEW\u001b[0m in 0.53s]","logger":"airflow.task.hooks.airflow.providers.standard.hooks.subprocess.SubprocessHook","filename":"subprocess.py","lineno":106}
{"timestamp":"2025-11-07T02:29:57.183236Z","level":"info","event":"\u001b[0m02:29:57","logger":"airflow.task.hooks.airflow.providers.standard.hooks.subprocess.SubprocessHook","filename":"subprocess.py","lineno":106}
{"timestamp":"2025-11-07T02:29:57.186803Z","level":"info","event":"\u001b[0m02:29:57  Finished running 1 view model in 0 hours 0 minutes and 1.72 seconds (1.72s).","logger":"airflow.task.hooks.airflow.providers.standard.hooks.subprocess.SubprocessHook","filename":"subprocess.py","lineno":106}
{"timestamp":"2025-11-07T02:29:57.312757Z","level":"info","event":"\u001b[0m02:29:57","logger":"airflow.task.hooks.airflow.providers.standard.hooks.subprocess.SubprocessHook","filename":"subprocess.py","lineno":106}
{"timestamp":"2025-11-07T02:29:57.314577Z","level":"info","event":"\u001b[0m02:29:57  \u001b[32mCompleted successfully\u001b[0m","logger":"airflow.task.hooks.airflow.providers.standard.hooks.subprocess.SubprocessHook","filename":"subprocess.py","lineno":106}
{"timestamp":"2025-11-07T02:29:57.316161Z","level":"info","event":"\u001b[0m02:29:57","logger":"airflow.task.hooks.airflow.providers.standard.hooks.subprocess.SubprocessHook","filename":"subprocess.py","lineno":106}
{"timestamp":"2025-11-07T02:29:57.318676Z","level":"info","event":"\u001b[0m02:29:57  Done. PASS=1 WARN=0 ERROR=0 SKIP=0 NO-OP=0 TOTAL=1","logger":"airflow.task.hooks.airflow.providers.standard.hooks.subprocess.SubprocessHook","filename":"subprocess.py","lineno":106}
{"timestamp":"2025-11-07T02:29:59.499120Z","level":"info","event":"Command exited with return code 0","logger":"airflow.task.hooks.airflow.providers.standard.hooks.subprocess.SubprocessHook","filename":"subprocess.py","lineno":110}
{"timestamp":"2025-11-07T02:29:59.500859Z","level":"info","event":"Pushing xcom","ti":"RuntimeTaskInstance(id=UUID('019a5c24-5975-71d4-a2d6-9b446c8939c7'), task_id='dbt_run', dag_id='dbt_airflow_example', run_id='scheduled__2025-11-06T00:00:00+00:00', try_number=1, dag_version_id=UUID('019a4f71-5fd3-78d0-8a4e-faadfe73e3cb'), map_index=-1, hostname='0a967b2ed47a', context_carrier={}, task=<Task(BashOperator): dbt_run>, bundle_instance=LocalDagBundle(name=dags-folder), max_tries=0, start_date=datetime.datetime(2025, 11, 7, 2, 29, 44, 278018, tzinfo=datetime.timezone.utc), end_date=None, state=<TaskInstanceState.RUNNING: 'running'>, is_mapped=False, rendered_map_index=None)","logger":"task","filename":"task_runner.py","lineno":1352}
