{"timestamp":"2025-11-08T02:21:39.114700Z","level":"info","event":"DAG bundles loaded: dags-folder","logger":"airflow.dag_processing.bundles.manager.DagBundlesManager","filename":"manager.py","lineno":179}
{"timestamp":"2025-11-08T02:21:39.116848Z","level":"info","event":"Filling up the DagBag from /opt/airflow/dags/dbt_dag.py","logger":"airflow.models.dagbag.DagBag","filename":"dagbag.py","lineno":593}
{"timestamp":"2025-11-08T02:21:39.207752Z","level":"info","event":"Tmp dir root location: /tmp","logger":"airflow.task.hooks.airflow.providers.standard.hooks.subprocess.SubprocessHook","filename":"subprocess.py","lineno":78}
{"timestamp":"2025-11-08T02:21:39.209149Z","level":"info","event":"Running command: ['/usr/bin/bash', '-c', 'cd /opt/airflow/dbt && dbt run --profiles-dir /opt/airflow/dbt']","logger":"airflow.task.hooks.airflow.providers.standard.hooks.subprocess.SubprocessHook","filename":"subprocess.py","lineno":88}
{"timestamp":"2025-11-08T02:21:39.226699Z","level":"info","event":"Output:","logger":"airflow.task.hooks.airflow.providers.standard.hooks.subprocess.SubprocessHook","filename":"subprocess.py","lineno":99}
{"timestamp":"2025-11-08T02:21:48.906515Z","level":"info","event":"\u001b[0m02:21:48  Running with dbt=1.10.13","logger":"airflow.task.hooks.airflow.providers.standard.hooks.subprocess.SubprocessHook","filename":"subprocess.py","lineno":106}
{"timestamp":"2025-11-08T02:21:49.963517Z","level":"info","event":"\u001b[0m02:21:49  Registered adapter: postgres=1.9.1","logger":"airflow.task.hooks.airflow.providers.standard.hooks.subprocess.SubprocessHook","filename":"subprocess.py","lineno":106}
{"timestamp":"2025-11-08T02:21:51.173773Z","level":"info","event":"\u001b[0m02:21:51  Found 1 model, 1 seed, 451 macros","logger":"airflow.task.hooks.airflow.providers.standard.hooks.subprocess.SubprocessHook","filename":"subprocess.py","lineno":106}
{"timestamp":"2025-11-08T02:21:51.179522Z","level":"info","event":"\u001b[0m02:21:51","logger":"airflow.task.hooks.airflow.providers.standard.hooks.subprocess.SubprocessHook","filename":"subprocess.py","lineno":106}
{"timestamp":"2025-11-08T02:21:51.181136Z","level":"info","event":"\u001b[0m02:21:51  Concurrency: 1 threads (target='dev')","logger":"airflow.task.hooks.airflow.providers.standard.hooks.subprocess.SubprocessHook","filename":"subprocess.py","lineno":106}
{"timestamp":"2025-11-08T02:21:51.182785Z","level":"info","event":"\u001b[0m02:21:51","logger":"airflow.task.hooks.airflow.providers.standard.hooks.subprocess.SubprocessHook","filename":"subprocess.py","lineno":106}
{"timestamp":"2025-11-08T02:21:52.004214Z","level":"info","event":"\u001b[0m02:21:52  1 of 1 START sql view model public.example_model ............................... [RUN]","logger":"airflow.task.hooks.airflow.providers.standard.hooks.subprocess.SubprocessHook","filename":"subprocess.py","lineno":106}
{"timestamp":"2025-11-08T02:21:52.641855Z","level":"info","event":"\u001b[0m02:21:52  1 of 1 OK created sql view model public.example_model .......................... [\u001b[32mCREATE VIEW\u001b[0m in 0.62s]","logger":"airflow.task.hooks.airflow.providers.standard.hooks.subprocess.SubprocessHook","filename":"subprocess.py","lineno":106}
{"timestamp":"2025-11-08T02:21:52.840994Z","level":"info","event":"\u001b[0m02:21:52","logger":"airflow.task.hooks.airflow.providers.standard.hooks.subprocess.SubprocessHook","filename":"subprocess.py","lineno":106}
{"timestamp":"2025-11-08T02:21:52.842633Z","level":"info","event":"\u001b[0m02:21:52  Finished running 1 view model in 0 hours 0 minutes and 1.66 seconds (1.66s).","logger":"airflow.task.hooks.airflow.providers.standard.hooks.subprocess.SubprocessHook","filename":"subprocess.py","lineno":106}
{"timestamp":"2025-11-08T02:21:52.950365Z","level":"info","event":"\u001b[0m02:21:52","logger":"airflow.task.hooks.airflow.providers.standard.hooks.subprocess.SubprocessHook","filename":"subprocess.py","lineno":106}
{"timestamp":"2025-11-08T02:21:52.952134Z","level":"info","event":"\u001b[0m02:21:52  \u001b[32mCompleted successfully\u001b[0m","logger":"airflow.task.hooks.airflow.providers.standard.hooks.subprocess.SubprocessHook","filename":"subprocess.py","lineno":106}
{"timestamp":"2025-11-08T02:21:52.953606Z","level":"info","event":"\u001b[0m02:21:52","logger":"airflow.task.hooks.airflow.providers.standard.hooks.subprocess.SubprocessHook","filename":"subprocess.py","lineno":106}
{"timestamp":"2025-11-08T02:21:52.955412Z","level":"info","event":"\u001b[0m02:21:52  Done. PASS=1 WARN=0 ERROR=0 SKIP=0 NO-OP=0 TOTAL=1","logger":"airflow.task.hooks.airflow.providers.standard.hooks.subprocess.SubprocessHook","filename":"subprocess.py","lineno":106}
{"timestamp":"2025-11-08T02:21:55.943221Z","level":"info","event":"Command exited with return code 0","logger":"airflow.task.hooks.airflow.providers.standard.hooks.subprocess.SubprocessHook","filename":"subprocess.py","lineno":110}
{"timestamp":"2025-11-08T02:21:55.946246Z","level":"info","event":"Pushing xcom","ti":"RuntimeTaskInstance(id=UUID('019a6144-002f-7a8e-acbd-2682386962c5'), task_id='dbt_run', dag_id='dbt_airflow_example', run_id='scheduled__2025-11-08T00:00:00+00:00', try_number=1, dag_version_id=UUID('019a4f71-5fd3-78d0-8a4e-faadfe73e3cb'), map_index=-1, hostname='49e4487802a0', context_carrier={}, task=<Task(BashOperator): dbt_run>, bundle_instance=LocalDagBundle(name=dags-folder), max_tries=0, start_date=datetime.datetime(2025, 11, 8, 2, 21, 39, 15318, tzinfo=datetime.timezone.utc), end_date=None, state=<TaskInstanceState.RUNNING: 'running'>, is_mapped=False, rendered_map_index=None)","logger":"task","filename":"task_runner.py","lineno":1352}
